[34m[DEBUG] 2025-05-07 11:07:23 comic.go:79 修改漫画 [0m 
[34m[DEBUG] 2025-05-07 11:07:23 comic.go:88 修改漫画, 参数.needTcp= 0 [0m 
[32m[INFO ] 2025-05-07 11:07:23 comic.go:94 修改成功: 2 [0m 
[34m[DEBUG] 2025-05-07 11:30:48 comic.go:79 修改漫画 [0m 
[34m[DEBUG] 2025-05-07 11:30:48 comic.go:88 修改漫画, 参数.needTcp= 0 [0m 
[32m[INFO ] 2025-05-07 11:30:48 comic.go:94 修改成功: 2 [0m 
[34m[DEBUG] 2025-05-07 13:04:41 proc.go:7350 [log] 相关 [0m 
[34m[DEBUG] 2025-05-07 13:04:41 proc.go:7350 log.level: debug [0m 
[34m[DEBUG] 2025-05-07 13:04:41 proc.go:7350 log.path: app.log [0m 
[34m[DEBUG] 2025-05-07 13:04:41 proc.go:7350 [network] 相关--- [0m 
[34m[DEBUG] 2025-05-07 13:04:41 proc.go:7350 network.ximalayaIIp_ip: www.ximalaya.com [0m 
[34m[DEBUG] 2025-05-07 13:04:41 proc.go:7350 [db] 相关 [0m 
[34m[DEBUG] 2025-05-07 13:04:41 proc.go:7350 db.name: comic [0m 
[34m[DEBUG] 2025-05-07 13:04:41 proc.go:7350 db.user: root [0m 
[34m[DEBUG] 2025-05-07 13:04:41 proc.go:7350 db.password: password [0m 
[34m[DEBUG] 2025-05-07 13:04:41 proc.go:7350 [gin] 相关 [0m 
[34m[DEBUG] 2025-05-07 13:04:41 proc.go:7350 gin.mode: debug [0m 
[34m[DEBUG] 2025-05-07 13:04:41 db.go:39 单例: 数据库连接成功 [0m 
[32m[INFO ] 2025-05-07 13:04:41 website.go:22 创建成功:&{0 0 待分类 未知 0} [0m 
[34m[DEBUG] 2025-05-07 13:04:41 website.go:32 批量创建第1条成功, website: 待分类 [0m 
[32m[INFO ] 2025-05-07 13:04:41 website.go:22 创建成功:&{0 1 j88d www.j88d.com 0} [0m 
[34m[DEBUG] 2025-05-07 13:04:41 website.go:32 批量创建第2条成功, website: j88d [0m 
[32m[INFO ] 2025-05-07 13:04:41 category.go:22 创建成功:&{0 0 待分类}1 [0m 
[34m[DEBUG] 2025-05-07 13:04:41 category.go:32 批量创建第1条成功, category: 待分类 [0m 
[32m[INFO ] 2025-05-07 13:04:41 category.go:22 创建成功:&{0 1 普通漫画}1 [0m 
[34m[DEBUG] 2025-05-07 13:04:41 category.go:32 批量创建第2条成功, category: 普通漫画 [0m 
[32m[INFO ] 2025-05-07 13:04:41 category.go:22 创建成功:&{0 2 色漫}1 [0m 
[34m[DEBUG] 2025-05-07 13:04:41 category.go:32 批量创建第3条成功, category: 色漫 [0m 
[32m[INFO ] 2025-05-07 13:04:41 countriy.go:22 创建成功:&{0 0 待分类} [0m 
[34m[DEBUG] 2025-05-07 13:04:41 countriy.go:32 批量创建第1条成功, country: 待分类 [0m 
[32m[INFO ] 2025-05-07 13:04:41 countriy.go:22 创建成功:&{0 1 中国} [0m 
[34m[DEBUG] 2025-05-07 13:04:41 countriy.go:32 批量创建第2条成功, country: 中国 [0m 
[32m[INFO ] 2025-05-07 13:04:41 countriy.go:22 创建成功:&{0 2 韩国} [0m 
[34m[DEBUG] 2025-05-07 13:04:41 countriy.go:32 批量创建第3条成功, country: 韩国 [0m 
[32m[INFO ] 2025-05-07 13:04:41 countriy.go:22 创建成功:&{0 3 欧美} [0m 
[34m[DEBUG] 2025-05-07 13:04:41 countriy.go:32 批量创建第4条成功, country: 欧美 [0m 
[32m[INFO ] 2025-05-07 13:04:41 countriy.go:22 创建成功:&{0 4 日本} [0m 
[34m[DEBUG] 2025-05-07 13:04:41 countriy.go:32 批量创建第5条成功, country: 日本 [0m 
[32m[INFO ] 2025-05-07 13:04:41 type.go:22 创建成功:&{0 0 待分类 1 0} [0m 
[34m[DEBUG] 2025-05-07 13:04:41 type.go:32 批量创建第1条成功, type: 待分类 [0m 
[32m[INFO ] 2025-05-07 13:04:41 type.go:22 创建成功:&{0 1 韩漫 1 0} [0m 
[34m[DEBUG] 2025-05-07 13:04:41 type.go:32 批量创建第2条成功, type: 韩漫 [0m 
[32m[INFO ] 2025-05-07 13:04:41 type.go:22 创建成功:&{0 2 日漫 1 0} [0m 
[34m[DEBUG] 2025-05-07 13:04:41 type.go:32 批量创建第3条成功, type: 日漫 [0m 
[32m[INFO ] 2025-05-07 13:04:41 type.go:22 创建成功:&{0 3 真人漫画 1 0} [0m 
[34m[DEBUG] 2025-05-07 13:04:41 type.go:32 批量创建第4条成功, type: 真人漫画 [0m 
[32m[INFO ] 2025-05-07 13:04:41 type.go:22 创建成功:&{0 4 3D漫画 1 0} [0m 
[34m[DEBUG] 2025-05-07 13:04:41 type.go:32 批量创建第5条成功, type: 3D漫画 [0m 
[32m[INFO ] 2025-05-07 13:04:41 type.go:22 创建成功:&{0 5 欧美漫画 1 0} [0m 
[34m[DEBUG] 2025-05-07 13:04:41 type.go:32 批量创建第6条成功, type: 欧美漫画 [0m 
[32m[INFO ] 2025-05-07 13:04:41 type.go:22 创建成功:&{0 6 同性 1 0} [0m 
[34m[DEBUG] 2025-05-07 13:04:41 type.go:32 批量创建第7条成功, type: 同性 [0m 
[34m[DEBUG] 2025-05-07 13:04:52 comic.go:79 修改漫画 [0m 
[34m[DEBUG] 2025-05-07 13:04:52 comic.go:88 修改漫画, 参数.needTcp= 0 [0m 
[32m[INFO ] 2025-05-07 13:04:52 comic.go:96 修改成功: 2 [0m 
[34m[DEBUG] 2025-05-07 13:05:41 comic.go:79 修改漫画 [0m 
[34m[DEBUG] 2025-05-07 13:05:41 comic.go:88 修改漫画, 参数.needTcp= 0 [0m 
[32m[INFO ] 2025-05-07 13:05:41 comic.go:96 修改成功: 2 [0m 
[34m[DEBUG] 2025-05-07 13:06:48 proc.go:7350 [log] 相关 [0m 
[34m[DEBUG] 2025-05-07 13:06:48 proc.go:7350 log.level: debug [0m 
[34m[DEBUG] 2025-05-07 13:06:48 proc.go:7350 log.path: app.log [0m 
[34m[DEBUG] 2025-05-07 13:06:48 proc.go:7350 [network] 相关--- [0m 
[34m[DEBUG] 2025-05-07 13:06:48 proc.go:7350 network.ximalayaIIp_ip: www.ximalaya.com [0m 
[34m[DEBUG] 2025-05-07 13:06:48 proc.go:7350 [db] 相关 [0m 
[34m[DEBUG] 2025-05-07 13:06:48 proc.go:7350 db.name: comic [0m 
[34m[DEBUG] 2025-05-07 13:06:48 proc.go:7350 db.user: root [0m 
[34m[DEBUG] 2025-05-07 13:06:48 proc.go:7350 db.password: password [0m 
[34m[DEBUG] 2025-05-07 13:06:48 proc.go:7350 [gin] 相关 [0m 
[34m[DEBUG] 2025-05-07 13:06:48 proc.go:7350 gin.mode: release [0m 
[34m[DEBUG] 2025-05-07 13:06:48 db.go:39 单例: 数据库连接成功 [0m 
[32m[INFO ] 2025-05-07 13:06:48 website.go:22 创建成功:&{0 0 待分类 未知 0} [0m 
[34m[DEBUG] 2025-05-07 13:06:48 website.go:32 批量创建第1条成功, website: 待分类 [0m 
[32m[INFO ] 2025-05-07 13:06:48 website.go:22 创建成功:&{0 1 j88d www.j88d.com 0} [0m 
[34m[DEBUG] 2025-05-07 13:06:48 website.go:32 批量创建第2条成功, website: j88d [0m 
[32m[INFO ] 2025-05-07 13:06:48 category.go:22 创建成功:&{0 0 待分类}1 [0m 
[34m[DEBUG] 2025-05-07 13:06:48 category.go:32 批量创建第1条成功, category: 待分类 [0m 
[32m[INFO ] 2025-05-07 13:06:48 category.go:22 创建成功:&{0 1 普通漫画}1 [0m 
[34m[DEBUG] 2025-05-07 13:06:48 category.go:32 批量创建第2条成功, category: 普通漫画 [0m 
[32m[INFO ] 2025-05-07 13:06:48 category.go:22 创建成功:&{0 2 色漫}1 [0m 
[34m[DEBUG] 2025-05-07 13:06:48 category.go:32 批量创建第3条成功, category: 色漫 [0m 
[32m[INFO ] 2025-05-07 13:06:48 countriy.go:22 创建成功:&{0 0 待分类} [0m 
[34m[DEBUG] 2025-05-07 13:06:48 countriy.go:32 批量创建第1条成功, country: 待分类 [0m 
[32m[INFO ] 2025-05-07 13:06:48 countriy.go:22 创建成功:&{0 1 中国} [0m 
[34m[DEBUG] 2025-05-07 13:06:48 countriy.go:32 批量创建第2条成功, country: 中国 [0m 
[32m[INFO ] 2025-05-07 13:06:48 countriy.go:22 创建成功:&{0 2 韩国} [0m 
[34m[DEBUG] 2025-05-07 13:06:48 countriy.go:32 批量创建第3条成功, country: 韩国 [0m 
[32m[INFO ] 2025-05-07 13:06:48 countriy.go:22 创建成功:&{0 3 欧美} [0m 
[34m[DEBUG] 2025-05-07 13:06:48 countriy.go:32 批量创建第4条成功, country: 欧美 [0m 
[32m[INFO ] 2025-05-07 13:06:48 countriy.go:22 创建成功:&{0 4 日本} [0m 
[34m[DEBUG] 2025-05-07 13:06:48 countriy.go:32 批量创建第5条成功, country: 日本 [0m 
[32m[INFO ] 2025-05-07 13:06:48 type.go:22 创建成功:&{0 0 待分类 1 0} [0m 
[34m[DEBUG] 2025-05-07 13:06:48 type.go:32 批量创建第1条成功, type: 待分类 [0m 
[32m[INFO ] 2025-05-07 13:06:48 type.go:22 创建成功:&{0 1 韩漫 1 0} [0m 
[34m[DEBUG] 2025-05-07 13:06:48 type.go:32 批量创建第2条成功, type: 韩漫 [0m 
[32m[INFO ] 2025-05-07 13:06:48 type.go:22 创建成功:&{0 2 日漫 1 0} [0m 
[34m[DEBUG] 2025-05-07 13:06:48 type.go:32 批量创建第3条成功, type: 日漫 [0m 
[32m[INFO ] 2025-05-07 13:06:48 type.go:22 创建成功:&{0 3 真人漫画 1 0} [0m 
[34m[DEBUG] 2025-05-07 13:06:48 type.go:32 批量创建第4条成功, type: 真人漫画 [0m 
[32m[INFO ] 2025-05-07 13:06:48 type.go:22 创建成功:&{0 4 3D漫画 1 0} [0m 
[34m[DEBUG] 2025-05-07 13:06:48 type.go:32 批量创建第5条成功, type: 3D漫画 [0m 
[32m[INFO ] 2025-05-07 13:06:48 type.go:22 创建成功:&{0 5 欧美漫画 1 0} [0m 
[34m[DEBUG] 2025-05-07 13:06:48 type.go:32 批量创建第6条成功, type: 欧美漫画 [0m 
[32m[INFO ] 2025-05-07 13:06:48 type.go:22 创建成功:&{0 6 同性 1 0} [0m 
[34m[DEBUG] 2025-05-07 13:06:48 type.go:32 批量创建第7条成功, type: 同性 [0m 
[34m[DEBUG] 2025-05-07 13:06:52 comic.go:79 修改漫画 [0m 
[34m[DEBUG] 2025-05-07 13:06:52 comic.go:88 修改漫画, 参数.needTcp= 0 [0m 
[32m[INFO ] 2025-05-07 13:06:52 comic.go:98 修改成功: 2 [0m 
[34m[DEBUG] 2025-05-07 13:07:08 comic.go:79 修改漫画 [0m 
[34m[DEBUG] 2025-05-07 13:07:08 comic.go:88 修改漫画, 参数.needTcp= 0 [0m 
[32m[INFO ] 2025-05-07 13:07:08 comic.go:98 修改成功: 2 [0m 
[34m[DEBUG] 2025-05-07 13:07:28 comic.go:79 修改漫画 [0m 
[34m[DEBUG] 2025-05-07 13:07:28 comic.go:88 修改漫画, 参数.needTcp= 1 [0m 
[32m[INFO ] 2025-05-07 13:07:28 comic.go:98 修改成功: 2 [0m 
[34m[DEBUG] 2025-05-07 13:07:39 comic.go:79 修改漫画 [0m 
[34m[DEBUG] 2025-05-07 13:07:39 comic.go:88 修改漫画, 参数.needTcp= 0 [0m 
[32m[INFO ] 2025-05-07 13:07:39 comic.go:98 修改成功: 2 [0m 
[34m[DEBUG] 2025-05-07 13:57:15 proc.go:7350 [log] 相关 [0m 
[34m[DEBUG] 2025-05-07 13:57:15 proc.go:7350 log.level: debug [0m 
[34m[DEBUG] 2025-05-07 13:57:15 proc.go:7350 log.path: app.log [0m 
[34m[DEBUG] 2025-05-07 13:57:15 proc.go:7350 [network] 相关--- [0m 
[34m[DEBUG] 2025-05-07 13:57:15 proc.go:7350 network.ximalayaIIp_ip: www.ximalaya.com [0m 
[34m[DEBUG] 2025-05-07 13:57:15 proc.go:7350 [db] 相关 [0m 
[34m[DEBUG] 2025-05-07 13:57:15 proc.go:7350 db.name: comic [0m 
[34m[DEBUG] 2025-05-07 13:57:15 proc.go:7350 db.user: root [0m 
[34m[DEBUG] 2025-05-07 13:57:15 proc.go:7350 db.password: password [0m 
[34m[DEBUG] 2025-05-07 13:57:15 proc.go:7350 [gin] 相关 [0m 
[34m[DEBUG] 2025-05-07 13:57:15 proc.go:7350 gin.mode: release [0m 
[34m[DEBUG] 2025-05-07 13:57:15 db.go:39 单例: 数据库连接成功 [0m 
[32m[INFO ] 2025-05-07 13:57:16 website.go:22 创建成功:&{0 0 待分类 未知 0} [0m 
[34m[DEBUG] 2025-05-07 13:57:16 website.go:32 批量创建第1条成功, website: 待分类 [0m 
[32m[INFO ] 2025-05-07 13:57:16 website.go:22 创建成功:&{0 1 j88d www.j88d.com 0} [0m 
[34m[DEBUG] 2025-05-07 13:57:16 website.go:32 批量创建第2条成功, website: j88d [0m 
[32m[INFO ] 2025-05-07 13:57:16 category.go:22 创建成功:&{0 0 待分类}1 [0m 
[34m[DEBUG] 2025-05-07 13:57:16 category.go:32 批量创建第1条成功, category: 待分类 [0m 
[32m[INFO ] 2025-05-07 13:57:16 category.go:22 创建成功:&{0 1 普通漫画}1 [0m 
[34m[DEBUG] 2025-05-07 13:57:16 category.go:32 批量创建第2条成功, category: 普通漫画 [0m 
[32m[INFO ] 2025-05-07 13:57:16 category.go:22 创建成功:&{0 2 色漫}1 [0m 
[34m[DEBUG] 2025-05-07 13:57:16 category.go:32 批量创建第3条成功, category: 色漫 [0m 
[32m[INFO ] 2025-05-07 13:57:16 countriy.go:22 创建成功:&{0 0 待分类} [0m 
[34m[DEBUG] 2025-05-07 13:57:16 countriy.go:32 批量创建第1条成功, country: 待分类 [0m 
[32m[INFO ] 2025-05-07 13:57:16 countriy.go:22 创建成功:&{0 1 中国} [0m 
[34m[DEBUG] 2025-05-07 13:57:16 countriy.go:32 批量创建第2条成功, country: 中国 [0m 
[32m[INFO ] 2025-05-07 13:57:16 countriy.go:22 创建成功:&{0 2 韩国} [0m 
[34m[DEBUG] 2025-05-07 13:57:16 countriy.go:32 批量创建第3条成功, country: 韩国 [0m 
[32m[INFO ] 2025-05-07 13:57:16 countriy.go:22 创建成功:&{0 3 欧美} [0m 
[34m[DEBUG] 2025-05-07 13:57:16 countriy.go:32 批量创建第4条成功, country: 欧美 [0m 
[32m[INFO ] 2025-05-07 13:57:16 countriy.go:22 创建成功:&{0 4 日本} [0m 
[34m[DEBUG] 2025-05-07 13:57:16 countriy.go:32 批量创建第5条成功, country: 日本 [0m 
[32m[INFO ] 2025-05-07 13:57:16 type.go:22 创建成功:&{0 0 待分类 1 0} [0m 
[34m[DEBUG] 2025-05-07 13:57:16 type.go:32 批量创建第1条成功, type: 待分类 [0m 
[32m[INFO ] 2025-05-07 13:57:16 type.go:22 创建成功:&{0 1 韩漫 1 0} [0m 
[34m[DEBUG] 2025-05-07 13:57:16 type.go:32 批量创建第2条成功, type: 韩漫 [0m 
[32m[INFO ] 2025-05-07 13:57:16 type.go:22 创建成功:&{0 2 日漫 1 0} [0m 
[34m[DEBUG] 2025-05-07 13:57:16 type.go:32 批量创建第3条成功, type: 日漫 [0m 
[32m[INFO ] 2025-05-07 13:57:16 type.go:22 创建成功:&{0 3 真人漫画 1 0} [0m 
[34m[DEBUG] 2025-05-07 13:57:16 type.go:32 批量创建第4条成功, type: 真人漫画 [0m 
[32m[INFO ] 2025-05-07 13:57:16 type.go:22 创建成功:&{0 4 3D漫画 1 0} [0m 
[34m[DEBUG] 2025-05-07 13:57:16 type.go:32 批量创建第5条成功, type: 3D漫画 [0m 
[32m[INFO ] 2025-05-07 13:57:16 type.go:22 创建成功:&{0 5 欧美漫画 1 0} [0m 
[34m[DEBUG] 2025-05-07 13:57:16 type.go:32 批量创建第6条成功, type: 欧美漫画 [0m 
[32m[INFO ] 2025-05-07 13:57:16 type.go:22 创建成功:&{0 6 同性 1 0} [0m 
[34m[DEBUG] 2025-05-07 13:57:16 type.go:32 批量创建第7条成功, type: 同性 [0m 
[34m[DEBUG] 2025-05-07 13:58:02 comic.go:79 修改漫画 [0m 
[34m[DEBUG] 2025-05-07 13:58:02 comic.go:88 修改漫画, 参数.needTcp= 0 [0m 
[32m[INFO ] 2025-05-07 13:58:02 comic.go:98 修改成功: 2 [0m 
