[34m[DEBUG] 2025-12-05 16:17:09 proc.go:7670 æ‰“å°é…ç½®: ---------------------------------  [0m 
[34m[DEBUG] 2025-12-05 16:17:09 proc.go:7670 [log] ç›¸å…³ [0m 
[34m[DEBUG] 2025-12-05 16:17:09 proc.go:7670 log.level = debug [0m 
[34m[DEBUG] 2025-12-05 16:17:09 proc.go:7670 log.path = log/app.log [0m 
[34m[DEBUG] 2025-12-05 16:17:09 proc.go:7670 [network] ç›¸å…³--- [0m 
[34m[DEBUG] 2025-12-05 16:17:09 proc.go:7670 network.ximalayaIIp_ip = www.ximalaya.com [0m 
[34m[DEBUG] 2025-12-05 16:17:09 proc.go:7670 [db] ç›¸å…³  [0m 
[34m[DEBUG] 2025-12-05 16:17:09 proc.go:7670 db.name = comic [0m 
[34m[DEBUG] 2025-12-05 16:17:09 proc.go:7670 db.user = root [0m 
[34m[DEBUG] 2025-12-05 16:17:09 proc.go:7670 db.password = password [0m 
[34m[DEBUG] 2025-12-05 16:17:09 proc.go:7670 [gin] ç›¸å…³ [0m 
[34m[DEBUG] 2025-12-05 16:17:09 proc.go:7670 gin.mode = release [0m 
[34m[DEBUG] 2025-12-05 16:17:09 proc.go:7670 [spider] ç›¸å…³ [0m 
[34m[DEBUG] 2025-12-05 16:17:09 proc.go:7670 [spider] ç›¸å…³ - å…¬ç”¨é…ç½®:  [0m 
[34m[DEBUG] 2025-12-05 16:17:09 proc.go:7670 [spider] ç›¸å…³ - å…¬ç”¨é…ç½® - çˆ¬å–æŸä¸€ç±» é…ç½®:  [0m 
[34m[DEBUG] 2025-12-05 16:17:09 proc.go:7670 æ¯æ¬¡è¯·æ±‚å‰éšæœºå»¶è¿Ÿ (ç§’) random_delay_time = 5 [0m 
[34m[DEBUG] 2025-12-05 16:17:09 proc.go:7670 çˆ¬è™«é˜Ÿåˆ—, æœ€å¤§å¹¶å‘æ•° queue_limit_conc_maxnum = 3 [0m 
[34m[DEBUG] 2025-12-05 16:17:09 proc.go:7670 çˆ¬è™«é˜Ÿåˆ—, æ± æœ€å¤§æ•° queue_pool_maxnum = 100 [0m 
[34m[DEBUG] 2025-12-05 16:17:09 proc.go:7670 æ‰“å°é…ç½®: --------------------------------- end   [0m 
[34m[DEBUG] 2025-12-05 16:17:09 db.go:94 å•ä¾‹: æ•°æ®åº“è¿æ¥æˆåŠŸ [0m 
[32m[INFO ] 2025-12-05 16:17:09 db.go:249 æ’å…¥é»˜è®¤æ•°æ®comic-website_type æˆåŠŸä¸ªæ•°: 8 [0m 
[32m[INFO ] 2025-12-05 16:17:09 db.go:249 æ’å…¥é»˜è®¤æ•°æ®comic-website æˆåŠŸä¸ªæ•°: 4 [0m 
[32m[INFO ] 2025-12-05 16:17:09 db.go:249 æ’å…¥é»˜è®¤æ•°æ®comic-porntype æˆåŠŸä¸ªæ•°: 3 [0m 
[32m[INFO ] 2025-12-05 16:17:09 db.go:249 æ’å…¥é»˜è®¤æ•°æ®comic-country æˆåŠŸä¸ªæ•°: 5 [0m 
[32m[INFO ] 2025-12-05 16:17:09 db.go:249 æ’å…¥é»˜è®¤æ•°æ®comic-type æˆåŠŸä¸ªæ•°: 7 [0m 
[32m[INFO ] 2025-12-05 16:17:09 db.go:249 æ’å…¥é»˜è®¤æ•°æ®comic-process æˆåŠŸä¸ªæ•°: 3 [0m 
[32m[INFO ] 2025-12-05 16:17:09 db.go:249 æ’å…¥é»˜è®¤æ•°æ®comic-author æˆåŠŸä¸ªæ•°: 1 [0m 
[32m[INFO ] 2025-12-05 16:17:16 spider_template_book_type.go:658 -------------- åŒ¹é…col-lg-2.col-md-3.col-sm-4.col-6 = 
                            
                                
                                    
                                    å®Œç»“
                                    
                                     28.0w
                                
                                
                                    ç¤¾å›¢å­¦å§Š
                                
                            
                         [0m 
[32m[INFO ] 2025-12-05 16:17:16 spider_template_book_type.go:663 -------- delete comicSpiderStats = {0 0 <nil> 0  0 0 0001-01-01 00:00:00 +0000 UTC} [0m 
[34m[DEBUG] 2025-12-05 16:17:16 spider_template_book_type.go:756 -------- çˆ¬åˆ°çš„å­—æ®µ, key = name value= ç¤¾å›¢å­¦å§Š [0m 
[34m[DEBUG] 2025-12-05 16:17:16 spider_template_book_type.go:756 -------- çˆ¬åˆ°çš„å­—æ®µ, key = end value= å®Œç»“ [0m 
[34m[DEBUG] 2025-12-05 16:17:16 spider_template_book_type.go:756 -------- çˆ¬åˆ°çš„å­—æ®µ, key = stats.hits value= 28.0w [0m 
[34m[DEBUG] 2025-12-05 16:17:16 spider_template_book_type.go:756 -------- çˆ¬åˆ°çš„å­—æ®µ, key = comicUrlApiPath value= location.href='/manga/4067'; [0m 
[34m[DEBUG] 2025-12-05 16:17:16 spider_template_book_type.go:756 -------- çˆ¬åˆ°çš„å­—æ®µ, key = coverUrlApiPath value= https://img.imh99.top/webtoon/cover-image/2398_1750037222105.webp [0m 
[32m[INFO ] 2025-12-05 16:17:16 spider_template_book_type.go:670 æ˜ å°„åçš„comicå¯¹è±¡: {Id:0 Name:ç¤¾å›¢å­¦å§Š WebsiteId:0 PornTypeId:0 CountryId:0 TypeId:0 ProcessId:0 AuthorArr:[] LatestChapterId:<nil> ComicUrlApiPath:location.href='/manga/4067'; CoverUrlApiPath:https://img.imh99.top/webtoon/cover-image/2398_1750037222105.webp BriefShort: BriefLong: End:0 SpiderEndStatus:0 DownloadEndStatus:0 UploadAwsEndStatus:0 UploadBaiduEndStatus:0 ReleaseDate:0001-01-01 00:00:00 +0000 UTC AuthorConcat: AuthorConcatType:0 CreatedAt:0001-01-01 00:00:00 +0000 UTC UpdatedAt:0001-01-01 00:00:00 +0000 UTC DeletedAt:{Time:0001-01-01 00:00:00 +0000 UTC Valid:false} Country:{Id:0 Name:} Website:{Id:0 Name: Domain: NeedProxy:false IsHttps:false IsRefer:false CoverURLIsNeedHttps:false ChapterContentURLIsNeedHttps:false CoverURLConcatRule: ChapterContentURLConcatRule: CoverDomain: ChapterContentDomain: BookCanSpiderType: ChapterCanSpiderType: BookSpiderReqBodyEgServerFilepath: ChapterSpiderReqBodyEgServerFilepath: StarType: WebsiteTypeId:0 WebsiteType:{Id:0 Name:}} PornType:{Id:0 Name:} Type:{Id:0 Name: Level:0 Parent:0} Process:{Id:0 Name:} Stats:{ID:0 ComicID:0 LatestChapterId:<nil> Star:0 LatestChapterName: Hits:0 TotalChapter:0 LastestChapterReleaseDate:0001-01-01 00:00:00 +0000 UTC} LatestChapter:{Id:0 ChapterNum:0 ChapterSubNum:0 ChapterRealSortNum:0 Name: UrlApiPath: ReleaseDate:0001-01-01 00:00:00 +0000 UTC SpiderStatus:0 ParentId:0 CreatedAt:0001-01-01 00:00:00 +0000 UTC UpdatedAt:0001-01-01 00:00:00 +0000 UTC DeletedAt:{Time:0001-01-01 00:00:00 +0000 UTC Valid:false}}} [0m 
[32m[INFO ] 2025-12-05 16:17:16 spider_template_book_type.go:658 -------------- åŒ¹é…col-lg-2.col-md-3.col-sm-4.col-6 = 
                            
                                
                                    
                                    å®Œç»“
                                    
                                     18.0w
                                
                                
                                    åè®®æ¢çˆ±(æ— ç ç‰ˆ)
                                
                            
                         [0m 
[32m[INFO ] 2025-12-05 16:17:16 spider_template_book_type.go:663 -------- delete comicSpiderStats = {0 0 <nil> 0  0 0 0001-01-01 00:00:00 +0000 UTC} [0m 
[34m[DEBUG] 2025-12-05 16:17:16 spider_template_book_type.go:756 -------- çˆ¬åˆ°çš„å­—æ®µ, key = name value= åè®®æ¢çˆ±(æ— ç ç‰ˆ) [0m 
[34m[DEBUG] 2025-12-05 16:17:16 spider_template_book_type.go:756 -------- çˆ¬åˆ°çš„å­—æ®µ, key = end value= å®Œç»“ [0m 
[34m[DEBUG] 2025-12-05 16:17:16 spider_template_book_type.go:756 -------- çˆ¬åˆ°çš„å­—æ®µ, key = stats.hits value= 18.0w [0m 
[34m[DEBUG] 2025-12-05 16:17:16 spider_template_book_type.go:756 -------- çˆ¬åˆ°çš„å­—æ®µ, key = comicUrlApiPath value= location.href='/manga/4002'; [0m 
[34m[DEBUG] 2025-12-05 16:17:16 spider_template_book_type.go:756 -------- çˆ¬åˆ°çš„å­—æ®µ, key = coverUrlApiPath value= https://img.imh99.top/webtoon/cover-image/2331_1749777922111.webp [0m 
[32m[INFO ] 2025-12-05 16:17:16 spider_template_book_type.go:670 æ˜ å°„åçš„comicå¯¹è±¡: {Id:0 Name:åè®®æ¢çˆ±(æ— ç ç‰ˆ) WebsiteId:0 PornTypeId:0 CountryId:0 TypeId:0 ProcessId:0 AuthorArr:[] LatestChapterId:<nil> ComicUrlApiPath:location.href='/manga/4002'; CoverUrlApiPath:https://img.imh99.top/webtoon/cover-image/2331_1749777922111.webp BriefShort: BriefLong: End:0 SpiderEndStatus:0 DownloadEndStatus:0 UploadAwsEndStatus:0 UploadBaiduEndStatus:0 ReleaseDate:0001-01-01 00:00:00 +0000 UTC AuthorConcat: AuthorConcatType:0 CreatedAt:0001-01-01 00:00:00 +0000 UTC UpdatedAt:0001-01-01 00:00:00 +0000 UTC DeletedAt:{Time:0001-01-01 00:00:00 +0000 UTC Valid:false} Country:{Id:0 Name:} Website:{Id:0 Name: Domain: NeedProxy:false IsHttps:false IsRefer:false CoverURLIsNeedHttps:false ChapterContentURLIsNeedHttps:false CoverURLConcatRule: ChapterContentURLConcatRule: CoverDomain: ChapterContentDomain: BookCanSpiderType: ChapterCanSpiderType: BookSpiderReqBodyEgServerFilepath: ChapterSpiderReqBodyEgServerFilepath: StarType: WebsiteTypeId:0 WebsiteType:{Id:0 Name:}} PornType:{Id:0 Name:} Type:{Id:0 Name: Level:0 Parent:0} Process:{Id:0 Name:} Stats:{ID:0 ComicID:0 LatestChapterId:<nil> Star:0 LatestChapterName: Hits:0 TotalChapter:0 LastestChapterReleaseDate:0001-01-01 00:00:00 +0000 UTC} LatestChapter:{Id:0 ChapterNum:0 ChapterSubNum:0 ChapterRealSortNum:0 Name: UrlApiPath: ReleaseDate:0001-01-01 00:00:00 +0000 UTC SpiderStatus:0 ParentId:0 CreatedAt:0001-01-01 00:00:00 +0000 UTC UpdatedAt:0001-01-01 00:00:00 +0000 UTC DeletedAt:{Time:0001-01-01 00:00:00 +0000 UTC Valid:false}}} [0m 
[32m[INFO ] 2025-12-05 16:17:16 spider_template_book_type.go:658 -------------- åŒ¹é…col-lg-2.col-md-3.col-sm-4.col-6 = 
                            
                                
                                    
                                    å®Œç»“
                                    
                                     16.1w
                                
                                
                                    å¯„å®¿æ—¥è®°
                                
                            
                         [0m 
[32m[INFO ] 2025-12-05 16:17:16 spider_template_book_type.go:663 -------- delete comicSpiderStats = {0 0 <nil> 0  0 0 0001-01-01 00:00:00 +0000 UTC} [0m 
[34m[DEBUG] 2025-12-05 16:17:16 spider_template_book_type.go:756 -------- çˆ¬åˆ°çš„å­—æ®µ, key = comicUrlApiPath value= location.href='/manga/2617'; [0m 
[34m[DEBUG] 2025-12-05 16:17:16 spider_template_book_type.go:756 -------- çˆ¬åˆ°çš„å­—æ®µ, key = coverUrlApiPath value= https://img.imh99.top/webtoon/cover-image/483_1748337050742.webp [0m 
[34m[DEBUG] 2025-12-05 16:17:16 spider_template_book_type.go:756 -------- çˆ¬åˆ°çš„å­—æ®µ, key = name value= å¯„å®¿æ—¥è®° [0m 
[34m[DEBUG] 2025-12-05 16:17:16 spider_template_book_type.go:756 -------- çˆ¬åˆ°çš„å­—æ®µ, key = end value= å®Œç»“ [0m 
[34m[DEBUG] 2025-12-05 16:17:16 spider_template_book_type.go:756 -------- çˆ¬åˆ°çš„å­—æ®µ, key = stats.hits value= 16.1w [0m 
[32m[INFO ] 2025-12-05 16:17:16 spider_template_book_type.go:670 æ˜ å°„åçš„comicå¯¹è±¡: {Id:0 Name:å¯„å®¿æ—¥è®° WebsiteId:0 PornTypeId:0 CountryId:0 TypeId:0 ProcessId:0 AuthorArr:[] LatestChapterId:<nil> ComicUrlApiPath:location.href='/manga/2617'; CoverUrlApiPath:https://img.imh99.top/webtoon/cover-image/483_1748337050742.webp BriefShort: BriefLong: End:0 SpiderEndStatus:0 DownloadEndStatus:0 UploadAwsEndStatus:0 UploadBaiduEndStatus:0 ReleaseDate:0001-01-01 00:00:00 +0000 UTC AuthorConcat: AuthorConcatType:0 CreatedAt:0001-01-01 00:00:00 +0000 UTC UpdatedAt:0001-01-01 00:00:00 +0000 UTC DeletedAt:{Time:0001-01-01 00:00:00 +0000 UTC Valid:false} Country:{Id:0 Name:} Website:{Id:0 Name: Domain: NeedProxy:false IsHttps:false IsRefer:false CoverURLIsNeedHttps:false ChapterContentURLIsNeedHttps:false CoverURLConcatRule: ChapterContentURLConcatRule: CoverDomain: ChapterContentDomain: BookCanSpiderType: ChapterCanSpiderType: BookSpiderReqBodyEgServerFilepath: ChapterSpiderReqBodyEgServerFilepath: StarType: WebsiteTypeId:0 WebsiteType:{Id:0 Name:}} PornType:{Id:0 Name:} Type:{Id:0 Name: Level:0 Parent:0} Process:{Id:0 Name:} Stats:{ID:0 ComicID:0 LatestChapterId:<nil> Star:0 LatestChapterName: Hits:0 TotalChapter:0 LastestChapterReleaseDate:0001-01-01 00:00:00 +0000 UTC} LatestChapter:{Id:0 ChapterNum:0 ChapterSubNum:0 ChapterRealSortNum:0 Name: UrlApiPath: ReleaseDate:0001-01-01 00:00:00 +0000 UTC SpiderStatus:0 ParentId:0 CreatedAt:0001-01-01 00:00:00 +0000 UTC UpdatedAt:0001-01-01 00:00:00 +0000 UTC DeletedAt:{Time:0001-01-01 00:00:00 +0000 UTC Valid:false}}} [0m 
[32m[INFO ] 2025-12-05 16:17:16 spider_template_book_type.go:658 -------------- åŒ¹é…col-lg-2.col-md-3.col-sm-4.col-6 = 
                            
                                
                                    
                                    å®Œç»“
                                    
                                     12.3w
                                
                                
                                    æ¬²æ±‚ç‹ï¼ˆæ— åˆ å‡ï¼‰
                                
                            
                         [0m 
[32m[INFO ] 2025-12-05 16:17:16 spider_template_book_type.go:663 -------- delete comicSpiderStats = {0 0 <nil> 0  0 0 0001-01-01 00:00:00 +0000 UTC} [0m 
[34m[DEBUG] 2025-12-05 16:17:16 spider_template_book_type.go:756 -------- çˆ¬åˆ°çš„å­—æ®µ, key = comicUrlApiPath value= location.href='/manga/2169'; [0m 
[34m[DEBUG] 2025-12-05 16:17:16 spider_template_book_type.go:756 -------- çˆ¬åˆ°çš„å­—æ®µ, key = coverUrlApiPath value= https://img.imh99.top/webtoon/cover-image/34_1747992845905.webp [0m 
[34m[DEBUG] 2025-12-05 16:17:16 spider_template_book_type.go:756 -------- çˆ¬åˆ°çš„å­—æ®µ, key = name value= æ¬²æ±‚ç‹ï¼ˆæ— åˆ å‡ï¼‰ [0m 
[34m[DEBUG] 2025-12-05 16:17:16 spider_template_book_type.go:756 -------- çˆ¬åˆ°çš„å­—æ®µ, key = end value= å®Œç»“ [0m 
[34m[DEBUG] 2025-12-05 16:17:16 spider_template_book_type.go:756 -------- çˆ¬åˆ°çš„å­—æ®µ, key = stats.hits value= 12.3w [0m 
[32m[INFO ] 2025-12-05 16:17:16 spider_template_book_type.go:670 æ˜ å°„åçš„comicå¯¹è±¡: {Id:0 Name:æ¬²æ±‚ç‹ï¼ˆæ— åˆ å‡ï¼‰ WebsiteId:0 PornTypeId:0 CountryId:0 TypeId:0 ProcessId:0 AuthorArr:[] LatestChapterId:<nil> ComicUrlApiPath:location.href='/manga/2169'; CoverUrlApiPath:https://img.imh99.top/webtoon/cover-image/34_1747992845905.webp BriefShort: BriefLong: End:0 SpiderEndStatus:0 DownloadEndStatus:0 UploadAwsEndStatus:0 UploadBaiduEndStatus:0 ReleaseDate:0001-01-01 00:00:00 +0000 UTC AuthorConcat: AuthorConcatType:0 CreatedAt:0001-01-01 00:00:00 +0000 UTC UpdatedAt:0001-01-01 00:00:00 +0000 UTC DeletedAt:{Time:0001-01-01 00:00:00 +0000 UTC Valid:false} Country:{Id:0 Name:} Website:{Id:0 Name: Domain: NeedProxy:false IsHttps:false IsRefer:false CoverURLIsNeedHttps:false ChapterContentURLIsNeedHttps:false CoverURLConcatRule: ChapterContentURLConcatRule: CoverDomain: ChapterContentDomain: BookCanSpiderType: ChapterCanSpiderType: BookSpiderReqBodyEgServerFilepath: ChapterSpiderReqBodyEgServerFilepath: StarType: WebsiteTypeId:0 WebsiteType:{Id:0 Name:}} PornType:{Id:0 Name:} Type:{Id:0 Name: Level:0 Parent:0} Process:{Id:0 Name:} Stats:{ID:0 ComicID:0 LatestChapterId:<nil> Star:0 LatestChapterName: Hits:0 TotalChapter:0 LastestChapterReleaseDate:0001-01-01 00:00:00 +0000 UTC} LatestChapter:{Id:0 ChapterNum:0 ChapterSubNum:0 ChapterRealSortNum:0 Name: UrlApiPath: ReleaseDate:0001-01-01 00:00:00 +0000 UTC SpiderStatus:0 ParentId:0 CreatedAt:0001-01-01 00:00:00 +0000 UTC UpdatedAt:0001-01-01 00:00:00 +0000 UTC DeletedAt:{Time:0001-01-01 00:00:00 +0000 UTC Valid:false}}} [0m 
[32m[INFO ] 2025-12-05 16:17:16 spider_template_book_type.go:658 -------------- åŒ¹é…col-lg-2.col-md-3.col-sm-4.col-6 = 
                            
                                
                                    
                                    å®Œç»“
                                    
                                     12.1w
                                
                                
                                    ç»§æ¯çš„æœ‹å‹ä»¬
                                
                            
                         [0m 
[32m[INFO ] 2025-12-05 16:17:16 spider_template_book_type.go:663 -------- delete comicSpiderStats = {0 0 <nil> 0  0 0 0001-01-01 00:00:00 +0000 UTC} [0m 
[34m[DEBUG] 2025-12-05 16:17:16 spider_template_book_type.go:756 -------- çˆ¬åˆ°çš„å­—æ®µ, key = name value= ç»§æ¯çš„æœ‹å‹ä»¬ [0m 
[34m[DEBUG] 2025-12-05 16:17:16 spider_template_book_type.go:756 -------- çˆ¬åˆ°çš„å­—æ®µ, key = end value= å®Œç»“ [0m 
[34m[DEBUG] 2025-12-05 16:17:16 spider_template_book_type.go:756 -------- çˆ¬åˆ°çš„å­—æ®µ, key = stats.hits value= 12.1w [0m 
[34m[DEBUG] 2025-12-05 16:17:16 spider_template_book_type.go:756 -------- çˆ¬åˆ°çš„å­—æ®µ, key = comicUrlApiPath value= location.href='/manga/2596'; [0m 
[34m[DEBUG] 2025-12-05 16:17:16 spider_template_book_type.go:756 -------- çˆ¬åˆ°çš„å­—æ®µ, key = coverUrlApiPath value= https://img.imh99.top/webtoon/cover-image/461_1748336823313.webp [0m 
[32m[INFO ] 2025-12-05 16:17:16 spider_template_book_type.go:670 æ˜ å°„åçš„comicå¯¹è±¡: {Id:0 Name:ç»§æ¯çš„æœ‹å‹ä»¬ WebsiteId:0 PornTypeId:0 CountryId:0 TypeId:0 ProcessId:0 AuthorArr:[] LatestChapterId:<nil> ComicUrlApiPath:location.href='/manga/2596'; CoverUrlApiPath:https://img.imh99.top/webtoon/cover-image/461_1748336823313.webp BriefShort: BriefLong: End:0 SpiderEndStatus:0 DownloadEndStatus:0 UploadAwsEndStatus:0 UploadBaiduEndStatus:0 ReleaseDate:0001-01-01 00:00:00 +0000 UTC AuthorConcat: AuthorConcatType:0 CreatedAt:0001-01-01 00:00:00 +0000 UTC UpdatedAt:0001-01-01 00:00:00 +0000 UTC DeletedAt:{Time:0001-01-01 00:00:00 +0000 UTC Valid:false} Country:{Id:0 Name:} Website:{Id:0 Name: Domain: NeedProxy:false IsHttps:false IsRefer:false CoverURLIsNeedHttps:false ChapterContentURLIsNeedHttps:false CoverURLConcatRule: ChapterContentURLConcatRule: CoverDomain: ChapterContentDomain: BookCanSpiderType: ChapterCanSpiderType: BookSpiderReqBodyEgServerFilepath: ChapterSpiderReqBodyEgServerFilepath: StarType: WebsiteTypeId:0 WebsiteType:{Id:0 Name:}} PornType:{Id:0 Name:} Type:{Id:0 Name: Level:0 Parent:0} Process:{Id:0 Name:} Stats:{ID:0 ComicID:0 LatestChapterId:<nil> Star:0 LatestChapterName: Hits:0 TotalChapter:0 LastestChapterReleaseDate:0001-01-01 00:00:00 +0000 UTC} LatestChapter:{Id:0 ChapterNum:0 ChapterSubNum:0 ChapterRealSortNum:0 Name: UrlApiPath: ReleaseDate:0001-01-01 00:00:00 +0000 UTC SpiderStatus:0 ParentId:0 CreatedAt:0001-01-01 00:00:00 +0000 UTC UpdatedAt:0001-01-01 00:00:00 +0000 UTC DeletedAt:{Time:0001-01-01 00:00:00 +0000 UTC Valid:false}}} [0m 
[32m[INFO ] 2025-12-05 16:17:16 spider_template_book_type.go:658 -------------- åŒ¹é…col-lg-2.col-md-3.col-sm-4.col-6 = 
                            
                                
                                    
                                    å®Œç»“
                                    
                                     10.6w
                                
                                
                                    ç—´æ±‰æˆç˜¾
                                
                            
                         [0m 
[32m[INFO ] 2025-12-05 16:17:16 spider_template_book_type.go:663 -------- delete comicSpiderStats = {0 0 <nil> 0  0 0 0001-01-01 00:00:00 +0000 UTC} [0m 
[34m[DEBUG] 2025-12-05 16:17:16 spider_template_book_type.go:756 -------- çˆ¬åˆ°çš„å­—æ®µ, key = name value= ç—´æ±‰æˆç˜¾ [0m 
[34m[DEBUG] 2025-12-05 16:17:16 spider_template_book_type.go:756 -------- çˆ¬åˆ°çš„å­—æ®µ, key = end value= å®Œç»“ [0m 
[34m[DEBUG] 2025-12-05 16:17:16 spider_template_book_type.go:756 -------- çˆ¬åˆ°çš„å­—æ®µ, key = stats.hits value= 10.6w [0m 
[34m[DEBUG] 2025-12-05 16:17:16 spider_template_book_type.go:756 -------- çˆ¬åˆ°çš„å­—æ®µ, key = comicUrlApiPath value= location.href='/manga/4029'; [0m 
[34m[DEBUG] 2025-12-05 16:17:16 spider_template_book_type.go:756 -------- çˆ¬åˆ°çš„å­—æ®µ, key = coverUrlApiPath value= https://img.imh99.top/webtoon/cover-image/2358_1750037045165.webp [0m 
[32m[INFO ] 2025-12-05 16:17:16 spider_template_book_type.go:670 æ˜ å°„åçš„comicå¯¹è±¡: {Id:0 Name:ç—´æ±‰æˆç˜¾ WebsiteId:0 PornTypeId:0 CountryId:0 TypeId:0 ProcessId:0 AuthorArr:[] LatestChapterId:<nil> ComicUrlApiPath:location.href='/manga/4029'; CoverUrlApiPath:https://img.imh99.top/webtoon/cover-image/2358_1750037045165.webp BriefShort: BriefLong: End:0 SpiderEndStatus:0 DownloadEndStatus:0 UploadAwsEndStatus:0 UploadBaiduEndStatus:0 ReleaseDate:0001-01-01 00:00:00 +0000 UTC AuthorConcat: AuthorConcatType:0 CreatedAt:0001-01-01 00:00:00 +0000 UTC UpdatedAt:0001-01-01 00:00:00 +0000 UTC DeletedAt:{Time:0001-01-01 00:00:00 +0000 UTC Valid:false} Country:{Id:0 Name:} Website:{Id:0 Name: Domain: NeedProxy:false IsHttps:false IsRefer:false CoverURLIsNeedHttps:false ChapterContentURLIsNeedHttps:false CoverURLConcatRule: ChapterContentURLConcatRule: CoverDomain: ChapterContentDomain: BookCanSpiderType: ChapterCanSpiderType: BookSpiderReqBodyEgServerFilepath: ChapterSpiderReqBodyEgServerFilepath: StarType: WebsiteTypeId:0 WebsiteType:{Id:0 Name:}} PornType:{Id:0 Name:} Type:{Id:0 Name: Level:0 Parent:0} Process:{Id:0 Name:} Stats:{ID:0 ComicID:0 LatestChapterId:<nil> Star:0 LatestChapterName: Hits:0 TotalChapter:0 LastestChapterReleaseDate:0001-01-01 00:00:00 +0000 UTC} LatestChapter:{Id:0 ChapterNum:0 ChapterSubNum:0 ChapterRealSortNum:0 Name: UrlApiPath: ReleaseDate:0001-01-01 00:00:00 +0000 UTC SpiderStatus:0 ParentId:0 CreatedAt:0001-01-01 00:00:00 +0000 UTC UpdatedAt:0001-01-01 00:00:00 +0000 UTC DeletedAt:{Time:0001-01-01 00:00:00 +0000 UTC Valid:false}}} [0m 
[32m[INFO ] 2025-12-05 16:17:16 spider_template_book_type.go:658 -------------- åŒ¹é…col-lg-2.col-md-3.col-sm-4.col-6 = 
                            
                                
                                    
                                    å®Œç»“
                                    
                                     10.0w
                                
                                
                                    å‚€å„¡
                                
                            
                         [0m 
[32m[INFO ] 2025-12-05 16:17:16 spider_template_book_type.go:663 -------- delete comicSpiderStats = {0 0 <nil> 0  0 0 0001-01-01 00:00:00 +0000 UTC} [0m 
[34m[DEBUG] 2025-12-05 16:17:16 spider_template_book_type.go:756 -------- çˆ¬åˆ°çš„å­—æ®µ, key = comicUrlApiPath value= location.href='/manga/3882'; [0m 
[34m[DEBUG] 2025-12-05 16:17:16 spider_template_book_type.go:756 -------- çˆ¬åˆ°çš„å­—æ®µ, key = coverUrlApiPath value= https://img.imh99.top/webtoon/cover-image/2206_1749691410515.webp [0m 
[34m[DEBUG] 2025-12-05 16:17:16 spider_template_book_type.go:756 -------- çˆ¬åˆ°çš„å­—æ®µ, key = name value= å‚€å„¡ [0m 
[34m[DEBUG] 2025-12-05 16:17:16 spider_template_book_type.go:756 -------- çˆ¬åˆ°çš„å­—æ®µ, key = end value= å®Œç»“ [0m 
[34m[DEBUG] 2025-12-05 16:17:16 spider_template_book_type.go:756 -------- çˆ¬åˆ°çš„å­—æ®µ, key = stats.hits value= 10.0w [0m 
[32m[INFO ] 2025-12-05 16:17:16 spider_template_book_type.go:670 æ˜ å°„åçš„comicå¯¹è±¡: {Id:0 Name:å‚€å„¡ WebsiteId:0 PornTypeId:0 CountryId:0 TypeId:0 ProcessId:0 AuthorArr:[] LatestChapterId:<nil> ComicUrlApiPath:location.href='/manga/3882'; CoverUrlApiPath:https://img.imh99.top/webtoon/cover-image/2206_1749691410515.webp BriefShort: BriefLong: End:0 SpiderEndStatus:0 DownloadEndStatus:0 UploadAwsEndStatus:0 UploadBaiduEndStatus:0 ReleaseDate:0001-01-01 00:00:00 +0000 UTC AuthorConcat: AuthorConcatType:0 CreatedAt:0001-01-01 00:00:00 +0000 UTC UpdatedAt:0001-01-01 00:00:00 +0000 UTC DeletedAt:{Time:0001-01-01 00:00:00 +0000 UTC Valid:false} Country:{Id:0 Name:} Website:{Id:0 Name: Domain: NeedProxy:false IsHttps:false IsRefer:false CoverURLIsNeedHttps:false ChapterContentURLIsNeedHttps:false CoverURLConcatRule: ChapterContentURLConcatRule: CoverDomain: ChapterContentDomain: BookCanSpiderType: ChapterCanSpiderType: BookSpiderReqBodyEgServerFilepath: ChapterSpiderReqBodyEgServerFilepath: StarType: WebsiteTypeId:0 WebsiteType:{Id:0 Name:}} PornType:{Id:0 Name:} Type:{Id:0 Name: Level:0 Parent:0} Process:{Id:0 Name:} Stats:{ID:0 ComicID:0 LatestChapterId:<nil> Star:0 LatestChapterName: Hits:0 TotalChapter:0 LastestChapterReleaseDate:0001-01-01 00:00:00 +0000 UTC} LatestChapter:{Id:0 ChapterNum:0 ChapterSubNum:0 ChapterRealSortNum:0 Name: UrlApiPath: ReleaseDate:0001-01-01 00:00:00 +0000 UTC SpiderStatus:0 ParentId:0 CreatedAt:0001-01-01 00:00:00 +0000 UTC UpdatedAt:0001-01-01 00:00:00 +0000 UTC DeletedAt:{Time:0001-01-01 00:00:00 +0000 UTC Valid:false}}} [0m 
[32m[INFO ] 2025-12-05 16:17:16 spider_template_book_type.go:658 -------------- åŒ¹é…col-lg-2.col-md-3.col-sm-4.col-6 = 
                            
                                
                                    
                                    å®Œç»“
                                    
                                     8.9w
                                
                                
                                    é€‚åˆåŠˆè…¿çš„å¥½æ—¥å­
                                
                            
                         [0m 
[32m[INFO ] 2025-12-05 16:17:16 spider_template_book_type.go:663 -------- delete comicSpiderStats = {0 0 <nil> 0  0 0 0001-01-01 00:00:00 +0000 UTC} [0m 
[34m[DEBUG] 2025-12-05 16:17:16 spider_template_book_type.go:756 -------- çˆ¬åˆ°çš„å­—æ®µ, key = stats.hits value= 8.9w [0m 
[34m[DEBUG] 2025-12-05 16:17:16 spider_template_book_type.go:756 -------- çˆ¬åˆ°çš„å­—æ®µ, key = comicUrlApiPath value= location.href='/manga/2163'; [0m 
[34m[DEBUG] 2025-12-05 16:17:16 spider_template_book_type.go:756 -------- çˆ¬åˆ°çš„å­—æ®µ, key = coverUrlApiPath value= https://img.imh99.top/webtoon/cover-image/28_1747992782014.webp [0m 
[34m[DEBUG] 2025-12-05 16:17:16 spider_template_book_type.go:756 -------- çˆ¬åˆ°çš„å­—æ®µ, key = name value= é€‚åˆåŠˆè…¿çš„å¥½æ—¥å­ [0m 
[34m[DEBUG] 2025-12-05 16:17:16 spider_template_book_type.go:756 -------- çˆ¬åˆ°çš„å­—æ®µ, key = end value= å®Œç»“ [0m 
[32m[INFO ] 2025-12-05 16:17:16 spider_template_book_type.go:670 æ˜ å°„åçš„comicå¯¹è±¡: {Id:0 Name:é€‚åˆåŠˆè…¿çš„å¥½æ—¥å­ WebsiteId:0 PornTypeId:0 CountryId:0 TypeId:0 ProcessId:0 AuthorArr:[] LatestChapterId:<nil> ComicUrlApiPath:location.href='/manga/2163'; CoverUrlApiPath:https://img.imh99.top/webtoon/cover-image/28_1747992782014.webp BriefShort: BriefLong: End:0 SpiderEndStatus:0 DownloadEndStatus:0 UploadAwsEndStatus:0 UploadBaiduEndStatus:0 ReleaseDate:0001-01-01 00:00:00 +0000 UTC AuthorConcat: AuthorConcatType:0 CreatedAt:0001-01-01 00:00:00 +0000 UTC UpdatedAt:0001-01-01 00:00:00 +0000 UTC DeletedAt:{Time:0001-01-01 00:00:00 +0000 UTC Valid:false} Country:{Id:0 Name:} Website:{Id:0 Name: Domain: NeedProxy:false IsHttps:false IsRefer:false CoverURLIsNeedHttps:false ChapterContentURLIsNeedHttps:false CoverURLConcatRule: ChapterContentURLConcatRule: CoverDomain: ChapterContentDomain: BookCanSpiderType: ChapterCanSpiderType: BookSpiderReqBodyEgServerFilepath: ChapterSpiderReqBodyEgServerFilepath: StarType: WebsiteTypeId:0 WebsiteType:{Id:0 Name:}} PornType:{Id:0 Name:} Type:{Id:0 Name: Level:0 Parent:0} Process:{Id:0 Name:} Stats:{ID:0 ComicID:0 LatestChapterId:<nil> Star:0 LatestChapterName: Hits:0 TotalChapter:0 LastestChapterReleaseDate:0001-01-01 00:00:00 +0000 UTC} LatestChapter:{Id:0 ChapterNum:0 ChapterSubNum:0 ChapterRealSortNum:0 Name: UrlApiPath: ReleaseDate:0001-01-01 00:00:00 +0000 UTC SpiderStatus:0 ParentId:0 CreatedAt:0001-01-01 00:00:00 +0000 UTC UpdatedAt:0001-01-01 00:00:00 +0000 UTC DeletedAt:{Time:0001-01-01 00:00:00 +0000 UTC Valid:false}}} [0m 
[32m[INFO ] 2025-12-05 16:17:16 spider_template_book_type.go:658 -------------- åŒ¹é…col-lg-2.col-md-3.col-sm-4.col-6 = 
                            
                                
                                    
                                    å®Œç»“
                                    
                                     8.8w
                                
                                
                                    ç‚¸è£‚å§!å·¨æ£’
                                
                            
                         [0m 
[32m[INFO ] 2025-12-05 16:17:16 spider_template_book_type.go:663 -------- delete comicSpiderStats = {0 0 <nil> 0  0 0 0001-01-01 00:00:00 +0000 UTC} [0m 
[34m[DEBUG] 2025-12-05 16:17:16 spider_template_book_type.go:756 -------- çˆ¬åˆ°çš„å­—æ®µ, key = comicUrlApiPath value= location.href='/manga/4090'; [0m 
[34m[DEBUG] 2025-12-05 16:17:16 spider_template_book_type.go:756 -------- çˆ¬åˆ°çš„å­—æ®µ, key = coverUrlApiPath value= https://img.imh99.top/webtoon/cover-image/2421_1750037340987.webp [0m 
[34m[DEBUG] 2025-12-05 16:17:16 spider_template_book_type.go:756 -------- çˆ¬åˆ°çš„å­—æ®µ, key = name value= ç‚¸è£‚å§!å·¨æ£’ [0m 
[34m[DEBUG] 2025-12-05 16:17:16 spider_template_book_type.go:756 -------- çˆ¬åˆ°çš„å­—æ®µ, key = end value= å®Œç»“ [0m 
[34m[DEBUG] 2025-12-05 16:17:16 spider_template_book_type.go:756 -------- çˆ¬åˆ°çš„å­—æ®µ, key = stats.hits value= 8.8w [0m 
[32m[INFO ] 2025-12-05 16:17:16 spider_template_book_type.go:670 æ˜ å°„åçš„comicå¯¹è±¡: {Id:0 Name:ç‚¸è£‚å§!å·¨æ£’ WebsiteId:0 PornTypeId:0 CountryId:0 TypeId:0 ProcessId:0 AuthorArr:[] LatestChapterId:<nil> ComicUrlApiPath:location.href='/manga/4090'; CoverUrlApiPath:https://img.imh99.top/webtoon/cover-image/2421_1750037340987.webp BriefShort: BriefLong: End:0 SpiderEndStatus:0 DownloadEndStatus:0 UploadAwsEndStatus:0 UploadBaiduEndStatus:0 ReleaseDate:0001-01-01 00:00:00 +0000 UTC AuthorConcat: AuthorConcatType:0 CreatedAt:0001-01-01 00:00:00 +0000 UTC UpdatedAt:0001-01-01 00:00:00 +0000 UTC DeletedAt:{Time:0001-01-01 00:00:00 +0000 UTC Valid:false} Country:{Id:0 Name:} Website:{Id:0 Name: Domain: NeedProxy:false IsHttps:false IsRefer:false CoverURLIsNeedHttps:false ChapterContentURLIsNeedHttps:false CoverURLConcatRule: ChapterContentURLConcatRule: CoverDomain: ChapterContentDomain: BookCanSpiderType: ChapterCanSpiderType: BookSpiderReqBodyEgServerFilepath: ChapterSpiderReqBodyEgServerFilepath: StarType: WebsiteTypeId:0 WebsiteType:{Id:0 Name:}} PornType:{Id:0 Name:} Type:{Id:0 Name: Level:0 Parent:0} Process:{Id:0 Name:} Stats:{ID:0 ComicID:0 LatestChapterId:<nil> Star:0 LatestChapterName: Hits:0 TotalChapter:0 LastestChapterReleaseDate:0001-01-01 00:00:00 +0000 UTC} LatestChapter:{Id:0 ChapterNum:0 ChapterSubNum:0 ChapterRealSortNum:0 Name: UrlApiPath: ReleaseDate:0001-01-01 00:00:00 +0000 UTC SpiderStatus:0 ParentId:0 CreatedAt:0001-01-01 00:00:00 +0000 UTC UpdatedAt:0001-01-01 00:00:00 +0000 UTC DeletedAt:{Time:0001-01-01 00:00:00 +0000 UTC Valid:false}}} [0m 
[32m[INFO ] 2025-12-05 16:17:16 spider_template_book_type.go:658 -------------- åŒ¹é…col-lg-2.col-md-3.col-sm-4.col-6 = 
                            
                                
                                    
                                    å®Œç»“
                                    
                                     7.9w
                                
                                
                                    å§Šå¦¹ä¸ç»§çˆ¶
                                
                            
                         [0m 
[32m[INFO ] 2025-12-05 16:17:16 spider_template_book_type.go:663 -------- delete comicSpiderStats = {0 0 <nil> 0  0 0 0001-01-01 00:00:00 +0000 UTC} [0m 
[34m[DEBUG] 2025-12-05 16:17:16 spider_template_book_type.go:756 -------- çˆ¬åˆ°çš„å­—æ®µ, key = name value= å§Šå¦¹ä¸ç»§çˆ¶ [0m 
[34m[DEBUG] 2025-12-05 16:17:16 spider_template_book_type.go:756 -------- çˆ¬åˆ°çš„å­—æ®µ, key = end value= å®Œç»“ [0m 
[34m[DEBUG] 2025-12-05 16:17:16 spider_template_book_type.go:756 -------- çˆ¬åˆ°çš„å­—æ®µ, key = stats.hits value= 7.9w [0m 
[34m[DEBUG] 2025-12-05 16:17:16 spider_template_book_type.go:756 -------- çˆ¬åˆ°çš„å­—æ®µ, key = comicUrlApiPath value= location.href='/manga/2269'; [0m 
[34m[DEBUG] 2025-12-05 16:17:16 spider_template_book_type.go:756 -------- çˆ¬åˆ°çš„å­—æ®µ, key = coverUrlApiPath value= https://img.imh99.top/webtoon/cover-image/133_1748185772884.webp [0m 
[32m[INFO ] 2025-12-05 16:17:16 spider_template_book_type.go:670 æ˜ å°„åçš„comicå¯¹è±¡: {Id:0 Name:å§Šå¦¹ä¸ç»§çˆ¶ WebsiteId:0 PornTypeId:0 CountryId:0 TypeId:0 ProcessId:0 AuthorArr:[] LatestChapterId:<nil> ComicUrlApiPath:location.href='/manga/2269'; CoverUrlApiPath:https://img.imh99.top/webtoon/cover-image/133_1748185772884.webp BriefShort: BriefLong: End:0 SpiderEndStatus:0 DownloadEndStatus:0 UploadAwsEndStatus:0 UploadBaiduEndStatus:0 ReleaseDate:0001-01-01 00:00:00 +0000 UTC AuthorConcat: AuthorConcatType:0 CreatedAt:0001-01-01 00:00:00 +0000 UTC UpdatedAt:0001-01-01 00:00:00 +0000 UTC DeletedAt:{Time:0001-01-01 00:00:00 +0000 UTC Valid:false} Country:{Id:0 Name:} Website:{Id:0 Name: Domain: NeedProxy:false IsHttps:false IsRefer:false CoverURLIsNeedHttps:false ChapterContentURLIsNeedHttps:false CoverURLConcatRule: ChapterContentURLConcatRule: CoverDomain: ChapterContentDomain: BookCanSpiderType: ChapterCanSpiderType: BookSpiderReqBodyEgServerFilepath: ChapterSpiderReqBodyEgServerFilepath: StarType: WebsiteTypeId:0 WebsiteType:{Id:0 Name:}} PornType:{Id:0 Name:} Type:{Id:0 Name: Level:0 Parent:0} Process:{Id:0 Name:} Stats:{ID:0 ComicID:0 LatestChapterId:<nil> Star:0 LatestChapterName: Hits:0 TotalChapter:0 LastestChapterReleaseDate:0001-01-01 00:00:00 +0000 UTC} LatestChapter:{Id:0 ChapterNum:0 ChapterSubNum:0 ChapterRealSortNum:0 Name: UrlApiPath: ReleaseDate:0001-01-01 00:00:00 +0000 UTC SpiderStatus:0 ParentId:0 CreatedAt:0001-01-01 00:00:00 +0000 UTC UpdatedAt:0001-01-01 00:00:00 +0000 UTC DeletedAt:{Time:0001-01-01 00:00:00 +0000 UTC Valid:false}}} [0m 
[32m[INFO ] 2025-12-05 16:17:16 spider_template_book_type.go:658 -------------- åŒ¹é…col-lg-2.col-md-3.col-sm-4.col-6 = 
                            
                                
                                    
                                    å®Œç»“
                                    
                                     7.8w
                                
                                
                                    å·çª¥ï¼ˆå…¨é›†æ— åˆ å‡ï¼‰
                                
                            
                         [0m 
[32m[INFO ] 2025-12-05 16:17:16 spider_template_book_type.go:663 -------- delete comicSpiderStats = {0 0 <nil> 0  0 0 0001-01-01 00:00:00 +0000 UTC} [0m 
[34m[DEBUG] 2025-12-05 16:17:16 spider_template_book_type.go:756 -------- çˆ¬åˆ°çš„å­—æ®µ, key = comicUrlApiPath value= location.href='/manga/3071'; [0m 
[34m[DEBUG] 2025-12-05 16:17:16 spider_template_book_type.go:756 -------- çˆ¬åˆ°çš„å­—æ®µ, key = coverUrlApiPath value= https://img.imh99.top/webtoon/cover-image/1067_1748675636276.webp [0m 
[34m[DEBUG] 2025-12-05 16:17:16 spider_template_book_type.go:756 -------- çˆ¬åˆ°çš„å­—æ®µ, key = name value= å·çª¥ï¼ˆå…¨é›†æ— åˆ å‡ï¼‰ [0m 
[34m[DEBUG] 2025-12-05 16:17:16 spider_template_book_type.go:756 -------- çˆ¬åˆ°çš„å­—æ®µ, key = end value= å®Œç»“ [0m 
[34m[DEBUG] 2025-12-05 16:17:16 spider_template_book_type.go:756 -------- çˆ¬åˆ°çš„å­—æ®µ, key = stats.hits value= 7.8w [0m 
[32m[INFO ] 2025-12-05 16:17:16 spider_template_book_type.go:670 æ˜ å°„åçš„comicå¯¹è±¡: {Id:0 Name:å·çª¥ï¼ˆå…¨é›†æ— åˆ å‡ï¼‰ WebsiteId:0 PornTypeId:0 CountryId:0 TypeId:0 ProcessId:0 AuthorArr:[] LatestChapterId:<nil> ComicUrlApiPath:location.href='/manga/3071'; CoverUrlApiPath:https://img.imh99.top/webtoon/cover-image/1067_1748675636276.webp BriefShort: BriefLong: End:0 SpiderEndStatus:0 DownloadEndStatus:0 UploadAwsEndStatus:0 UploadBaiduEndStatus:0 ReleaseDate:0001-01-01 00:00:00 +0000 UTC AuthorConcat: AuthorConcatType:0 CreatedAt:0001-01-01 00:00:00 +0000 UTC UpdatedAt:0001-01-01 00:00:00 +0000 UTC DeletedAt:{Time:0001-01-01 00:00:00 +0000 UTC Valid:false} Country:{Id:0 Name:} Website:{Id:0 Name: Domain: NeedProxy:false IsHttps:false IsRefer:false CoverURLIsNeedHttps:false ChapterContentURLIsNeedHttps:false CoverURLConcatRule: ChapterContentURLConcatRule: CoverDomain: ChapterContentDomain: BookCanSpiderType: ChapterCanSpiderType: BookSpiderReqBodyEgServerFilepath: ChapterSpiderReqBodyEgServerFilepath: StarType: WebsiteTypeId:0 WebsiteType:{Id:0 Name:}} PornType:{Id:0 Name:} Type:{Id:0 Name: Level:0 Parent:0} Process:{Id:0 Name:} Stats:{ID:0 ComicID:0 LatestChapterId:<nil> Star:0 LatestChapterName: Hits:0 TotalChapter:0 LastestChapterReleaseDate:0001-01-01 00:00:00 +0000 UTC} LatestChapter:{Id:0 ChapterNum:0 ChapterSubNum:0 ChapterRealSortNum:0 Name: UrlApiPath: ReleaseDate:0001-01-01 00:00:00 +0000 UTC SpiderStatus:0 ParentId:0 CreatedAt:0001-01-01 00:00:00 +0000 UTC UpdatedAt:0001-01-01 00:00:00 +0000 UTC DeletedAt:{Time:0001-01-01 00:00:00 +0000 UTC Valid:false}}} [0m 
[32m[INFO ] 2025-12-05 16:17:16 spider_template_book_type.go:658 -------------- åŒ¹é…col-lg-2.col-md-3.col-sm-4.col-6 = 
                            
                                
                                    
                                    å®Œç»“
                                    
                                     7.8w
                                
                                
                                    å¤œé—´è¯Šç–—å®¤
                                
                            
                         [0m 
[32m[INFO ] 2025-12-05 16:17:16 spider_template_book_type.go:663 -------- delete comicSpiderStats = {0 0 <nil> 0  0 0 0001-01-01 00:00:00 +0000 UTC} [0m 
[34m[DEBUG] 2025-12-05 16:17:16 spider_template_book_type.go:756 -------- çˆ¬åˆ°çš„å­—æ®µ, key = stats.hits value= 7.8w [0m 
[34m[DEBUG] 2025-12-05 16:17:16 spider_template_book_type.go:756 -------- çˆ¬åˆ°çš„å­—æ®µ, key = comicUrlApiPath value= location.href='/manga/4101'; [0m 
[34m[DEBUG] 2025-12-05 16:17:16 spider_template_book_type.go:756 -------- çˆ¬åˆ°çš„å­—æ®µ, key = coverUrlApiPath value= https://img.imh99.top/webtoon/cover-image/2433_1750037393241.webp [0m 
[34m[DEBUG] 2025-12-05 16:17:16 spider_template_book_type.go:756 -------- çˆ¬åˆ°çš„å­—æ®µ, key = name value= å¤œé—´è¯Šç–—å®¤ [0m 
[34m[DEBUG] 2025-12-05 16:17:16 spider_template_book_type.go:756 -------- çˆ¬åˆ°çš„å­—æ®µ, key = end value= å®Œç»“ [0m 
[32m[INFO ] 2025-12-05 16:17:16 spider_template_book_type.go:670 æ˜ å°„åçš„comicå¯¹è±¡: {Id:0 Name:å¤œé—´è¯Šç–—å®¤ WebsiteId:0 PornTypeId:0 CountryId:0 TypeId:0 ProcessId:0 AuthorArr:[] LatestChapterId:<nil> ComicUrlApiPath:location.href='/manga/4101'; CoverUrlApiPath:https://img.imh99.top/webtoon/cover-image/2433_1750037393241.webp BriefShort: BriefLong: End:0 SpiderEndStatus:0 DownloadEndStatus:0 UploadAwsEndStatus:0 UploadBaiduEndStatus:0 ReleaseDate:0001-01-01 00:00:00 +0000 UTC AuthorConcat: AuthorConcatType:0 CreatedAt:0001-01-01 00:00:00 +0000 UTC UpdatedAt:0001-01-01 00:00:00 +0000 UTC DeletedAt:{Time:0001-01-01 00:00:00 +0000 UTC Valid:false} Country:{Id:0 Name:} Website:{Id:0 Name: Domain: NeedProxy:false IsHttps:false IsRefer:false CoverURLIsNeedHttps:false ChapterContentURLIsNeedHttps:false CoverURLConcatRule: ChapterContentURLConcatRule: CoverDomain: ChapterContentDomain: BookCanSpiderType: ChapterCanSpiderType: BookSpiderReqBodyEgServerFilepath: ChapterSpiderReqBodyEgServerFilepath: StarType: WebsiteTypeId:0 WebsiteType:{Id:0 Name:}} PornType:{Id:0 Name:} Type:{Id:0 Name: Level:0 Parent:0} Process:{Id:0 Name:} Stats:{ID:0 ComicID:0 LatestChapterId:<nil> Star:0 LatestChapterName: Hits:0 TotalChapter:0 LastestChapterReleaseDate:0001-01-01 00:00:00 +0000 UTC} LatestChapter:{Id:0 ChapterNum:0 ChapterSubNum:0 ChapterRealSortNum:0 Name: UrlApiPath: ReleaseDate:0001-01-01 00:00:00 +0000 UTC SpiderStatus:0 ParentId:0 CreatedAt:0001-01-01 00:00:00 +0000 UTC UpdatedAt:0001-01-01 00:00:00 +0000 UTC DeletedAt:{Time:0001-01-01 00:00:00 +0000 UTC Valid:false}}} [0m 
[32m[INFO ] 2025-12-05 16:17:16 spider_template_book_type.go:658 -------------- åŒ¹é…col-lg-2.col-md-3.col-sm-4.col-6 = 
                            
                                
                                    
                                    å®Œç»“
                                    
                                     7.7w
                                
                                
                                    å°è£¤è£¤ç¬”è®°
                                
                            
                         [0m 
[32m[INFO ] 2025-12-05 16:17:16 spider_template_book_type.go:663 -------- delete comicSpiderStats = {0 0 <nil> 0  0 0 0001-01-01 00:00:00 +0000 UTC} [0m 
[34m[DEBUG] 2025-12-05 16:17:16 spider_template_book_type.go:756 -------- çˆ¬åˆ°çš„å­—æ®µ, key = comicUrlApiPath value= location.href='/manga/3842'; [0m 
[34m[DEBUG] 2025-12-05 16:17:16 spider_template_book_type.go:756 -------- çˆ¬åˆ°çš„å­—æ®µ, key = coverUrlApiPath value= https://img.imh99.top/webtoon/cover-image/2163_1749432115427.webp [0m 
[34m[DEBUG] 2025-12-05 16:17:16 spider_template_book_type.go:756 -------- çˆ¬åˆ°çš„å­—æ®µ, key = name value= å°è£¤è£¤ç¬”è®° [0m 
[34m[DEBUG] 2025-12-05 16:17:16 spider_template_book_type.go:756 -------- çˆ¬åˆ°çš„å­—æ®µ, key = end value= å®Œç»“ [0m 
[34m[DEBUG] 2025-12-05 16:17:16 spider_template_book_type.go:756 -------- çˆ¬åˆ°çš„å­—æ®µ, key = stats.hits value= 7.7w [0m 
[32m[INFO ] 2025-12-05 16:17:16 spider_template_book_type.go:670 æ˜ å°„åçš„comicå¯¹è±¡: {Id:0 Name:å°è£¤è£¤ç¬”è®° WebsiteId:0 PornTypeId:0 CountryId:0 TypeId:0 ProcessId:0 AuthorArr:[] LatestChapterId:<nil> ComicUrlApiPath:location.href='/manga/3842'; CoverUrlApiPath:https://img.imh99.top/webtoon/cover-image/2163_1749432115427.webp BriefShort: BriefLong: End:0 SpiderEndStatus:0 DownloadEndStatus:0 UploadAwsEndStatus:0 UploadBaiduEndStatus:0 ReleaseDate:0001-01-01 00:00:00 +0000 UTC AuthorConcat: AuthorConcatType:0 CreatedAt:0001-01-01 00:00:00 +0000 UTC UpdatedAt:0001-01-01 00:00:00 +0000 UTC DeletedAt:{Time:0001-01-01 00:00:00 +0000 UTC Valid:false} Country:{Id:0 Name:} Website:{Id:0 Name: Domain: NeedProxy:false IsHttps:false IsRefer:false CoverURLIsNeedHttps:false ChapterContentURLIsNeedHttps:false CoverURLConcatRule: ChapterContentURLConcatRule: CoverDomain: ChapterContentDomain: BookCanSpiderType: ChapterCanSpiderType: BookSpiderReqBodyEgServerFilepath: ChapterSpiderReqBodyEgServerFilepath: StarType: WebsiteTypeId:0 WebsiteType:{Id:0 Name:}} PornType:{Id:0 Name:} Type:{Id:0 Name: Level:0 Parent:0} Process:{Id:0 Name:} Stats:{ID:0 ComicID:0 LatestChapterId:<nil> Star:0 LatestChapterName: Hits:0 TotalChapter:0 LastestChapterReleaseDate:0001-01-01 00:00:00 +0000 UTC} LatestChapter:{Id:0 ChapterNum:0 ChapterSubNum:0 ChapterRealSortNum:0 Name: UrlApiPath: ReleaseDate:0001-01-01 00:00:00 +0000 UTC SpiderStatus:0 ParentId:0 CreatedAt:0001-01-01 00:00:00 +0000 UTC UpdatedAt:0001-01-01 00:00:00 +0000 UTC DeletedAt:{Time:0001-01-01 00:00:00 +0000 UTC Valid:false}}} [0m 
[32m[INFO ] 2025-12-05 16:17:16 spider_template_book_type.go:658 -------------- åŒ¹é…col-lg-2.col-md-3.col-sm-4.col-6 = 
                            
                                
                                    
                                    å®Œç»“
                                    
                                     6.9w
                                
                                
                                    å¦¹å¦¹çš„ä¹‰åŠ¡
                                
                            
                         [0m 
[32m[INFO ] 2025-12-05 16:17:16 spider_template_book_type.go:663 -------- delete comicSpiderStats = {0 0 <nil> 0  0 0 0001-01-01 00:00:00 +0000 UTC} [0m 
[34m[DEBUG] 2025-12-05 16:17:16 spider_template_book_type.go:756 -------- çˆ¬åˆ°çš„å­—æ®µ, key = comicUrlApiPath value= location.href='/manga/2348'; [0m 
[34m[DEBUG] 2025-12-05 16:17:16 spider_template_book_type.go:756 -------- çˆ¬åˆ°çš„å­—æ®µ, key = coverUrlApiPath value= https://img.imh99.top/webtoon/cover-image/213_1748242258811.webp [0m 
[34m[DEBUG] 2025-12-05 16:17:16 spider_template_book_type.go:756 -------- çˆ¬åˆ°çš„å­—æ®µ, key = name value= å¦¹å¦¹çš„ä¹‰åŠ¡ [0m 
[34m[DEBUG] 2025-12-05 16:17:16 spider_template_book_type.go:756 -------- çˆ¬åˆ°çš„å­—æ®µ, key = end value= å®Œç»“ [0m 
[34m[DEBUG] 2025-12-05 16:17:16 spider_template_book_type.go:756 -------- çˆ¬åˆ°çš„å­—æ®µ, key = stats.hits value= 6.9w [0m 
[32m[INFO ] 2025-12-05 16:17:16 spider_template_book_type.go:670 æ˜ å°„åçš„comicå¯¹è±¡: {Id:0 Name:å¦¹å¦¹çš„ä¹‰åŠ¡ WebsiteId:0 PornTypeId:0 CountryId:0 TypeId:0 ProcessId:0 AuthorArr:[] LatestChapterId:<nil> ComicUrlApiPath:location.href='/manga/2348'; CoverUrlApiPath:https://img.imh99.top/webtoon/cover-image/213_1748242258811.webp BriefShort: BriefLong: End:0 SpiderEndStatus:0 DownloadEndStatus:0 UploadAwsEndStatus:0 UploadBaiduEndStatus:0 ReleaseDate:0001-01-01 00:00:00 +0000 UTC AuthorConcat: AuthorConcatType:0 CreatedAt:0001-01-01 00:00:00 +0000 UTC UpdatedAt:0001-01-01 00:00:00 +0000 UTC DeletedAt:{Time:0001-01-01 00:00:00 +0000 UTC Valid:false} Country:{Id:0 Name:} Website:{Id:0 Name: Domain: NeedProxy:false IsHttps:false IsRefer:false CoverURLIsNeedHttps:false ChapterContentURLIsNeedHttps:false CoverURLConcatRule: ChapterContentURLConcatRule: CoverDomain: ChapterContentDomain: BookCanSpiderType: ChapterCanSpiderType: BookSpiderReqBodyEgServerFilepath: ChapterSpiderReqBodyEgServerFilepath: StarType: WebsiteTypeId:0 WebsiteType:{Id:0 Name:}} PornType:{Id:0 Name:} Type:{Id:0 Name: Level:0 Parent:0} Process:{Id:0 Name:} Stats:{ID:0 ComicID:0 LatestChapterId:<nil> Star:0 LatestChapterName: Hits:0 TotalChapter:0 LastestChapterReleaseDate:0001-01-01 00:00:00 +0000 UTC} LatestChapter:{Id:0 ChapterNum:0 ChapterSubNum:0 ChapterRealSortNum:0 Name: UrlApiPath: ReleaseDate:0001-01-01 00:00:00 +0000 UTC SpiderStatus:0 ParentId:0 CreatedAt:0001-01-01 00:00:00 +0000 UTC UpdatedAt:0001-01-01 00:00:00 +0000 UTC DeletedAt:{Time:0001-01-01 00:00:00 +0000 UTC Valid:false}}} [0m 
[32m[INFO ] 2025-12-05 16:17:16 spider_template_book_type.go:658 -------------- åŒ¹é…col-lg-2.col-md-3.col-sm-4.col-6 = 
                            
                                
                                    
                                    å®Œç»“
                                    
                                     6.8w
                                
                                
                                    å¥èº«æ•™ç»ƒ
                                
                            
                         [0m 
[32m[INFO ] 2025-12-05 16:17:16 spider_template_book_type.go:663 -------- delete comicSpiderStats = {0 0 <nil> 0  0 0 0001-01-01 00:00:00 +0000 UTC} [0m 
[34m[DEBUG] 2025-12-05 16:17:16 spider_template_book_type.go:756 -------- çˆ¬åˆ°çš„å­—æ®µ, key = name value= å¥èº«æ•™ç»ƒ [0m 
[34m[DEBUG] 2025-12-05 16:17:16 spider_template_book_type.go:756 -------- çˆ¬åˆ°çš„å­—æ®µ, key = end value= å®Œç»“ [0m 
[34m[DEBUG] 2025-12-05 16:17:16 spider_template_book_type.go:756 -------- çˆ¬åˆ°çš„å­—æ®µ, key = stats.hits value= 6.8w [0m 
[34m[DEBUG] 2025-12-05 16:17:16 spider_template_book_type.go:756 -------- çˆ¬åˆ°çš„å­—æ®µ, key = comicUrlApiPath value= location.href='/manga/2339'; [0m 
[34m[DEBUG] 2025-12-05 16:17:16 spider_template_book_type.go:756 -------- çˆ¬åˆ°çš„å­—æ®µ, key = coverUrlApiPath value= https://img.imh99.top/webtoon/cover-image/204_1748242160164.webp [0m 
[32m[INFO ] 2025-12-05 16:17:16 spider_template_book_type.go:670 æ˜ å°„åçš„comicå¯¹è±¡: {Id:0 Name:å¥èº«æ•™ç»ƒ WebsiteId:0 PornTypeId:0 CountryId:0 TypeId:0 ProcessId:0 AuthorArr:[] LatestChapterId:<nil> ComicUrlApiPath:location.href='/manga/2339'; CoverUrlApiPath:https://img.imh99.top/webtoon/cover-image/204_1748242160164.webp BriefShort: BriefLong: End:0 SpiderEndStatus:0 DownloadEndStatus:0 UploadAwsEndStatus:0 UploadBaiduEndStatus:0 ReleaseDate:0001-01-01 00:00:00 +0000 UTC AuthorConcat: AuthorConcatType:0 CreatedAt:0001-01-01 00:00:00 +0000 UTC UpdatedAt:0001-01-01 00:00:00 +0000 UTC DeletedAt:{Time:0001-01-01 00:00:00 +0000 UTC Valid:false} Country:{Id:0 Name:} Website:{Id:0 Name: Domain: NeedProxy:false IsHttps:false IsRefer:false CoverURLIsNeedHttps:false ChapterContentURLIsNeedHttps:false CoverURLConcatRule: ChapterContentURLConcatRule: CoverDomain: ChapterContentDomain: BookCanSpiderType: ChapterCanSpiderType: BookSpiderReqBodyEgServerFilepath: ChapterSpiderReqBodyEgServerFilepath: StarType: WebsiteTypeId:0 WebsiteType:{Id:0 Name:}} PornType:{Id:0 Name:} Type:{Id:0 Name: Level:0 Parent:0} Process:{Id:0 Name:} Stats:{ID:0 ComicID:0 LatestChapterId:<nil> Star:0 LatestChapterName: Hits:0 TotalChapter:0 LastestChapterReleaseDate:0001-01-01 00:00:00 +0000 UTC} LatestChapter:{Id:0 ChapterNum:0 ChapterSubNum:0 ChapterRealSortNum:0 Name: UrlApiPath: ReleaseDate:0001-01-01 00:00:00 +0000 UTC SpiderStatus:0 ParentId:0 CreatedAt:0001-01-01 00:00:00 +0000 UTC UpdatedAt:0001-01-01 00:00:00 +0000 UTC DeletedAt:{Time:0001-01-01 00:00:00 +0000 UTC Valid:false}}} [0m 
[32m[INFO ] 2025-12-05 16:17:16 spider_template_book_type.go:658 -------------- åŒ¹é…col-lg-2.col-md-3.col-sm-4.col-6 = 
                            
                                
                                    
                                    å®Œç»“
                                    
                                     6.2w
                                
                                
                                    ç‹©çŒç™½å¯Œç¾ ç¬¬ä¸€å­£[å®Œç»“]
                                
                            
                         [0m 
[32m[INFO ] 2025-12-05 16:17:16 spider_template_book_type.go:663 -------- delete comicSpiderStats = {0 0 <nil> 0  0 0 0001-01-01 00:00:00 +0000 UTC} [0m 
[34m[DEBUG] 2025-12-05 16:17:16 spider_template_book_type.go:756 -------- çˆ¬åˆ°çš„å­—æ®µ, key = comicUrlApiPath value= location.href='/manga/6742'; [0m 
[34m[DEBUG] 2025-12-05 16:17:16 spider_template_book_type.go:756 -------- çˆ¬åˆ°çš„å­—æ®µ, key = coverUrlApiPath value= https://img.imh99.top/webtoon/cover-image/3765_1752312127855.webp [0m 
[34m[DEBUG] 2025-12-05 16:17:16 spider_template_book_type.go:756 -------- çˆ¬åˆ°çš„å­—æ®µ, key = name value= ç‹©çŒç™½å¯Œç¾ ç¬¬ä¸€å­£[å®Œç»“] [0m 
[34m[DEBUG] 2025-12-05 16:17:16 spider_template_book_type.go:756 -------- çˆ¬åˆ°çš„å­—æ®µ, key = end value= å®Œç»“ [0m 
[34m[DEBUG] 2025-12-05 16:17:16 spider_template_book_type.go:756 -------- çˆ¬åˆ°çš„å­—æ®µ, key = stats.hits value= 6.2w [0m 
[32m[INFO ] 2025-12-05 16:17:16 spider_template_book_type.go:670 æ˜ å°„åçš„comicå¯¹è±¡: {Id:0 Name:ç‹©çŒç™½å¯Œç¾ ç¬¬ä¸€å­£[å®Œç»“] WebsiteId:0 PornTypeId:0 CountryId:0 TypeId:0 ProcessId:0 AuthorArr:[] LatestChapterId:<nil> ComicUrlApiPath:location.href='/manga/6742'; CoverUrlApiPath:https://img.imh99.top/webtoon/cover-image/3765_1752312127855.webp BriefShort: BriefLong: End:0 SpiderEndStatus:0 DownloadEndStatus:0 UploadAwsEndStatus:0 UploadBaiduEndStatus:0 ReleaseDate:0001-01-01 00:00:00 +0000 UTC AuthorConcat: AuthorConcatType:0 CreatedAt:0001-01-01 00:00:00 +0000 UTC UpdatedAt:0001-01-01 00:00:00 +0000 UTC DeletedAt:{Time:0001-01-01 00:00:00 +0000 UTC Valid:false} Country:{Id:0 Name:} Website:{Id:0 Name: Domain: NeedProxy:false IsHttps:false IsRefer:false CoverURLIsNeedHttps:false ChapterContentURLIsNeedHttps:false CoverURLConcatRule: ChapterContentURLConcatRule: CoverDomain: ChapterContentDomain: BookCanSpiderType: ChapterCanSpiderType: BookSpiderReqBodyEgServerFilepath: ChapterSpiderReqBodyEgServerFilepath: StarType: WebsiteTypeId:0 WebsiteType:{Id:0 Name:}} PornType:{Id:0 Name:} Type:{Id:0 Name: Level:0 Parent:0} Process:{Id:0 Name:} Stats:{ID:0 ComicID:0 LatestChapterId:<nil> Star:0 LatestChapterName: Hits:0 TotalChapter:0 LastestChapterReleaseDate:0001-01-01 00:00:00 +0000 UTC} LatestChapter:{Id:0 ChapterNum:0 ChapterSubNum:0 ChapterRealSortNum:0 Name: UrlApiPath: ReleaseDate:0001-01-01 00:00:00 +0000 UTC SpiderStatus:0 ParentId:0 CreatedAt:0001-01-01 00:00:00 +0000 UTC UpdatedAt:0001-01-01 00:00:00 +0000 UTC DeletedAt:{Time:0001-01-01 00:00:00 +0000 UTC Valid:false}}} [0m 
[32m[INFO ] 2025-12-05 16:17:16 spider_template_book_type.go:658 -------------- åŒ¹é…col-lg-2.col-md-3.col-sm-4.col-6 = 
                            
                                
                                    
                                    å®Œç»“
                                    
                                     6.2w
                                
                                
                                    å¼±ç‚¹
                                
                            
                         [0m 
[32m[INFO ] 2025-12-05 16:17:16 spider_template_book_type.go:663 -------- delete comicSpiderStats = {0 0 <nil> 0  0 0 0001-01-01 00:00:00 +0000 UTC} [0m 
[34m[DEBUG] 2025-12-05 16:17:16 spider_template_book_type.go:756 -------- çˆ¬åˆ°çš„å­—æ®µ, key = comicUrlApiPath value= location.href='/manga/2355'; [0m 
[34m[DEBUG] 2025-12-05 16:17:16 spider_template_book_type.go:756 -------- çˆ¬åˆ°çš„å­—æ®µ, key = coverUrlApiPath value= https://img.imh99.top/webtoon/cover-image/220_1748242333886.webp [0m 
[34m[DEBUG] 2025-12-05 16:17:16 spider_template_book_type.go:756 -------- çˆ¬åˆ°çš„å­—æ®µ, key = name value= å¼±ç‚¹ [0m 
[34m[DEBUG] 2025-12-05 16:17:16 spider_template_book_type.go:756 -------- çˆ¬åˆ°çš„å­—æ®µ, key = end value= å®Œç»“ [0m 
[34m[DEBUG] 2025-12-05 16:17:16 spider_template_book_type.go:756 -------- çˆ¬åˆ°çš„å­—æ®µ, key = stats.hits value= 6.2w [0m 
[32m[INFO ] 2025-12-05 16:17:16 spider_template_book_type.go:670 æ˜ å°„åçš„comicå¯¹è±¡: {Id:0 Name:å¼±ç‚¹ WebsiteId:0 PornTypeId:0 CountryId:0 TypeId:0 ProcessId:0 AuthorArr:[] LatestChapterId:<nil> ComicUrlApiPath:location.href='/manga/2355'; CoverUrlApiPath:https://img.imh99.top/webtoon/cover-image/220_1748242333886.webp BriefShort: BriefLong: End:0 SpiderEndStatus:0 DownloadEndStatus:0 UploadAwsEndStatus:0 UploadBaiduEndStatus:0 ReleaseDate:0001-01-01 00:00:00 +0000 UTC AuthorConcat: AuthorConcatType:0 CreatedAt:0001-01-01 00:00:00 +0000 UTC UpdatedAt:0001-01-01 00:00:00 +0000 UTC DeletedAt:{Time:0001-01-01 00:00:00 +0000 UTC Valid:false} Country:{Id:0 Name:} Website:{Id:0 Name: Domain: NeedProxy:false IsHttps:false IsRefer:false CoverURLIsNeedHttps:false ChapterContentURLIsNeedHttps:false CoverURLConcatRule: ChapterContentURLConcatRule: CoverDomain: ChapterContentDomain: BookCanSpiderType: ChapterCanSpiderType: BookSpiderReqBodyEgServerFilepath: ChapterSpiderReqBodyEgServerFilepath: StarType: WebsiteTypeId:0 WebsiteType:{Id:0 Name:}} PornType:{Id:0 Name:} Type:{Id:0 Name: Level:0 Parent:0} Process:{Id:0 Name:} Stats:{ID:0 ComicID:0 LatestChapterId:<nil> Star:0 LatestChapterName: Hits:0 TotalChapter:0 LastestChapterReleaseDate:0001-01-01 00:00:00 +0000 UTC} LatestChapter:{Id:0 ChapterNum:0 ChapterSubNum:0 ChapterRealSortNum:0 Name: UrlApiPath: ReleaseDate:0001-01-01 00:00:00 +0000 UTC SpiderStatus:0 ParentId:0 CreatedAt:0001-01-01 00:00:00 +0000 UTC UpdatedAt:0001-01-01 00:00:00 +0000 UTC DeletedAt:{Time:0001-01-01 00:00:00 +0000 UTC Valid:false}}} [0m 
[32m[INFO ] 2025-12-05 16:17:16 spider_template_book_type.go:658 -------------- åŒ¹é…col-lg-2.col-md-3.col-sm-4.col-6 = 
                            
                                
                                    
                                    å®Œç»“
                                    
                                     6.0w
                                
                                
                                    äº²å­é¤å…çš„å¦ˆå¦ˆä»¬
                                
                            
                         [0m 
[32m[INFO ] 2025-12-05 16:17:16 spider_template_book_type.go:663 -------- delete comicSpiderStats = {0 0 <nil> 0  0 0 0001-01-01 00:00:00 +0000 UTC} [0m 
[34m[DEBUG] 2025-12-05 16:17:16 spider_template_book_type.go:756 -------- çˆ¬åˆ°çš„å­—æ®µ, key = stats.hits value= 6.0w [0m 
[34m[DEBUG] 2025-12-05 16:17:16 spider_template_book_type.go:756 -------- çˆ¬åˆ°çš„å­—æ®µ, key = comicUrlApiPath value= location.href='/manga/3609'; [0m 
[34m[DEBUG] 2025-12-05 16:17:16 spider_template_book_type.go:756 -------- çˆ¬åˆ°çš„å­—æ®µ, key = coverUrlApiPath value= https://img.imh99.top/webtoon/cover-image/1833_1749182071949.webp [0m 
[34m[DEBUG] 2025-12-05 16:17:16 spider_template_book_type.go:756 -------- çˆ¬åˆ°çš„å­—æ®µ, key = name value= äº²å­é¤å…çš„å¦ˆå¦ˆä»¬ [0m 
[34m[DEBUG] 2025-12-05 16:17:16 spider_template_book_type.go:756 -------- çˆ¬åˆ°çš„å­—æ®µ, key = end value= å®Œç»“ [0m 
[32m[INFO ] 2025-12-05 16:17:16 spider_template_book_type.go:670 æ˜ å°„åçš„comicå¯¹è±¡: {Id:0 Name:äº²å­é¤å…çš„å¦ˆå¦ˆä»¬ WebsiteId:0 PornTypeId:0 CountryId:0 TypeId:0 ProcessId:0 AuthorArr:[] LatestChapterId:<nil> ComicUrlApiPath:location.href='/manga/3609'; CoverUrlApiPath:https://img.imh99.top/webtoon/cover-image/1833_1749182071949.webp BriefShort: BriefLong: End:0 SpiderEndStatus:0 DownloadEndStatus:0 UploadAwsEndStatus:0 UploadBaiduEndStatus:0 ReleaseDate:0001-01-01 00:00:00 +0000 UTC AuthorConcat: AuthorConcatType:0 CreatedAt:0001-01-01 00:00:00 +0000 UTC UpdatedAt:0001-01-01 00:00:00 +0000 UTC DeletedAt:{Time:0001-01-01 00:00:00 +0000 UTC Valid:false} Country:{Id:0 Name:} Website:{Id:0 Name: Domain: NeedProxy:false IsHttps:false IsRefer:false CoverURLIsNeedHttps:false ChapterContentURLIsNeedHttps:false CoverURLConcatRule: ChapterContentURLConcatRule: CoverDomain: ChapterContentDomain: BookCanSpiderType: ChapterCanSpiderType: BookSpiderReqBodyEgServerFilepath: ChapterSpiderReqBodyEgServerFilepath: StarType: WebsiteTypeId:0 WebsiteType:{Id:0 Name:}} PornType:{Id:0 Name:} Type:{Id:0 Name: Level:0 Parent:0} Process:{Id:0 Name:} Stats:{ID:0 ComicID:0 LatestChapterId:<nil> Star:0 LatestChapterName: Hits:0 TotalChapter:0 LastestChapterReleaseDate:0001-01-01 00:00:00 +0000 UTC} LatestChapter:{Id:0 ChapterNum:0 ChapterSubNum:0 ChapterRealSortNum:0 Name: UrlApiPath: ReleaseDate:0001-01-01 00:00:00 +0000 UTC SpiderStatus:0 ParentId:0 CreatedAt:0001-01-01 00:00:00 +0000 UTC UpdatedAt:0001-01-01 00:00:00 +0000 UTC DeletedAt:{Time:0001-01-01 00:00:00 +0000 UTC Valid:false}}} [0m 
[32m[INFO ] 2025-12-05 16:17:16 spider_template_book_type.go:658 -------------- åŒ¹é…col-lg-2.col-md-3.col-sm-4.col-6 = 
                            
                                
                                    
                                    å®Œç»“
                                    
                                     5.9w
                                
                                
                                    æœ‹å‹,å¥³æœ‹å‹
                                
                            
                         [0m 
[32m[INFO ] 2025-12-05 16:17:16 spider_template_book_type.go:663 -------- delete comicSpiderStats = {0 0 <nil> 0  0 0 0001-01-01 00:00:00 +0000 UTC} [0m 
[34m[DEBUG] 2025-12-05 16:17:16 spider_template_book_type.go:756 -------- çˆ¬åˆ°çš„å­—æ®µ, key = name value= æœ‹å‹,å¥³æœ‹å‹ [0m 
[34m[DEBUG] 2025-12-05 16:17:16 spider_template_book_type.go:756 -------- çˆ¬åˆ°çš„å­—æ®µ, key = end value= å®Œç»“ [0m 
[34m[DEBUG] 2025-12-05 16:17:16 spider_template_book_type.go:756 -------- çˆ¬åˆ°çš„å­—æ®µ, key = stats.hits value= 5.9w [0m 
[34m[DEBUG] 2025-12-05 16:17:16 spider_template_book_type.go:756 -------- çˆ¬åˆ°çš„å­—æ®µ, key = comicUrlApiPath value= location.href='/manga/2140'; [0m 
[34m[DEBUG] 2025-12-05 16:17:16 spider_template_book_type.go:756 -------- çˆ¬åˆ°çš„å­—æ®µ, key = coverUrlApiPath value= https://img.imh99.top/webtoon/cover-image/5_1747981742662.webp [0m 
[32m[INFO ] 2025-12-05 16:17:16 spider_template_book_type.go:670 æ˜ å°„åçš„comicå¯¹è±¡: {Id:0 Name:æœ‹å‹,å¥³æœ‹å‹ WebsiteId:0 PornTypeId:0 CountryId:0 TypeId:0 ProcessId:0 AuthorArr:[] LatestChapterId:<nil> ComicUrlApiPath:location.href='/manga/2140'; CoverUrlApiPath:https://img.imh99.top/webtoon/cover-image/5_1747981742662.webp BriefShort: BriefLong: End:0 SpiderEndStatus:0 DownloadEndStatus:0 UploadAwsEndStatus:0 UploadBaiduEndStatus:0 ReleaseDate:0001-01-01 00:00:00 +0000 UTC AuthorConcat: AuthorConcatType:0 CreatedAt:0001-01-01 00:00:00 +0000 UTC UpdatedAt:0001-01-01 00:00:00 +0000 UTC DeletedAt:{Time:0001-01-01 00:00:00 +0000 UTC Valid:false} Country:{Id:0 Name:} Website:{Id:0 Name: Domain: NeedProxy:false IsHttps:false IsRefer:false CoverURLIsNeedHttps:false ChapterContentURLIsNeedHttps:false CoverURLConcatRule: ChapterContentURLConcatRule: CoverDomain: ChapterContentDomain: BookCanSpiderType: ChapterCanSpiderType: BookSpiderReqBodyEgServerFilepath: ChapterSpiderReqBodyEgServerFilepath: StarType: WebsiteTypeId:0 WebsiteType:{Id:0 Name:}} PornType:{Id:0 Name:} Type:{Id:0 Name: Level:0 Parent:0} Process:{Id:0 Name:} Stats:{ID:0 ComicID:0 LatestChapterId:<nil> Star:0 LatestChapterName: Hits:0 TotalChapter:0 LastestChapterReleaseDate:0001-01-01 00:00:00 +0000 UTC} LatestChapter:{Id:0 ChapterNum:0 ChapterSubNum:0 ChapterRealSortNum:0 Name: UrlApiPath: ReleaseDate:0001-01-01 00:00:00 +0000 UTC SpiderStatus:0 ParentId:0 CreatedAt:0001-01-01 00:00:00 +0000 UTC UpdatedAt:0001-01-01 00:00:00 +0000 UTC DeletedAt:{Time:0001-01-01 00:00:00 +0000 UTC Valid:false}}} [0m 
[32m[INFO ] 2025-12-05 16:17:16 spider_template_book_type.go:658 -------------- åŒ¹é…col-lg-2.col-md-3.col-sm-4.col-6 = 
                            
                                
                                    
                                    å®Œç»“
                                    
                                     5.9w
                                
                                
                                    æ»¡æº¢æ¸¸æ³³æ± 
                                
                            
                         [0m 
[32m[INFO ] 2025-12-05 16:17:16 spider_template_book_type.go:663 -------- delete comicSpiderStats = {0 0 <nil> 0  0 0 0001-01-01 00:00:00 +0000 UTC} [0m 
[34m[DEBUG] 2025-12-05 16:17:16 spider_template_book_type.go:756 -------- çˆ¬åˆ°çš„å­—æ®µ, key = comicUrlApiPath value= location.href='/manga/2620'; [0m 
[34m[DEBUG] 2025-12-05 16:17:16 spider_template_book_type.go:756 -------- çˆ¬åˆ°çš„å­—æ®µ, key = coverUrlApiPath value= https://img.imh99.top/webtoon/cover-image/486_1748337084117.webp [0m 
[34m[DEBUG] 2025-12-05 16:17:16 spider_template_book_type.go:756 -------- çˆ¬åˆ°çš„å­—æ®µ, key = name value= æ»¡æº¢æ¸¸æ³³æ±  [0m 
[34m[DEBUG] 2025-12-05 16:17:16 spider_template_book_type.go:756 -------- çˆ¬åˆ°çš„å­—æ®µ, key = end value= å®Œç»“ [0m 
[34m[DEBUG] 2025-12-05 16:17:16 spider_template_book_type.go:756 -------- çˆ¬åˆ°çš„å­—æ®µ, key = stats.hits value= 5.9w [0m 
[32m[INFO ] 2025-12-05 16:17:16 spider_template_book_type.go:670 æ˜ å°„åçš„comicå¯¹è±¡: {Id:0 Name:æ»¡æº¢æ¸¸æ³³æ±  WebsiteId:0 PornTypeId:0 CountryId:0 TypeId:0 ProcessId:0 AuthorArr:[] LatestChapterId:<nil> ComicUrlApiPath:location.href='/manga/2620'; CoverUrlApiPath:https://img.imh99.top/webtoon/cover-image/486_1748337084117.webp BriefShort: BriefLong: End:0 SpiderEndStatus:0 DownloadEndStatus:0 UploadAwsEndStatus:0 UploadBaiduEndStatus:0 ReleaseDate:0001-01-01 00:00:00 +0000 UTC AuthorConcat: AuthorConcatType:0 CreatedAt:0001-01-01 00:00:00 +0000 UTC UpdatedAt:0001-01-01 00:00:00 +0000 UTC DeletedAt:{Time:0001-01-01 00:00:00 +0000 UTC Valid:false} Country:{Id:0 Name:} Website:{Id:0 Name: Domain: NeedProxy:false IsHttps:false IsRefer:false CoverURLIsNeedHttps:false ChapterContentURLIsNeedHttps:false CoverURLConcatRule: ChapterContentURLConcatRule: CoverDomain: ChapterContentDomain: BookCanSpiderType: ChapterCanSpiderType: BookSpiderReqBodyEgServerFilepath: ChapterSpiderReqBodyEgServerFilepath: StarType: WebsiteTypeId:0 WebsiteType:{Id:0 Name:}} PornType:{Id:0 Name:} Type:{Id:0 Name: Level:0 Parent:0} Process:{Id:0 Name:} Stats:{ID:0 ComicID:0 LatestChapterId:<nil> Star:0 LatestChapterName: Hits:0 TotalChapter:0 LastestChapterReleaseDate:0001-01-01 00:00:00 +0000 UTC} LatestChapter:{Id:0 ChapterNum:0 ChapterSubNum:0 ChapterRealSortNum:0 Name: UrlApiPath: ReleaseDate:0001-01-01 00:00:00 +0000 UTC SpiderStatus:0 ParentId:0 CreatedAt:0001-01-01 00:00:00 +0000 UTC UpdatedAt:0001-01-01 00:00:00 +0000 UTC DeletedAt:{Time:0001-01-01 00:00:00 +0000 UTC Valid:false}}} [0m 
[32m[INFO ] 2025-12-05 16:17:16 spider_template_book_type.go:658 -------------- åŒ¹é…col-lg-2.col-md-3.col-sm-4.col-6 = 
                            
                                
                                    
                                    å®Œç»“
                                    
                                     5.9w
                                
                                
                                    å‹æƒ…ä¸‡ç¡
                                
                            
                         [0m 
[32m[INFO ] 2025-12-05 16:17:16 spider_template_book_type.go:663 -------- delete comicSpiderStats = {0 0 <nil> 0  0 0 0001-01-01 00:00:00 +0000 UTC} [0m 
[34m[DEBUG] 2025-12-05 16:17:16 spider_template_book_type.go:756 -------- çˆ¬åˆ°çš„å­—æ®µ, key = comicUrlApiPath value= location.href='/manga/3994'; [0m 
[34m[DEBUG] 2025-12-05 16:17:16 spider_template_book_type.go:756 -------- çˆ¬åˆ°çš„å­—æ®µ, key = coverUrlApiPath value= https://img.imh99.top/webtoon/cover-image/2323_1749777887405.webp [0m 
[34m[DEBUG] 2025-12-05 16:17:16 spider_template_book_type.go:756 -------- çˆ¬åˆ°çš„å­—æ®µ, key = name value= å‹æƒ…ä¸‡ç¡ [0m 
[34m[DEBUG] 2025-12-05 16:17:16 spider_template_book_type.go:756 -------- çˆ¬åˆ°çš„å­—æ®µ, key = end value= å®Œç»“ [0m 
[34m[DEBUG] 2025-12-05 16:17:16 spider_template_book_type.go:756 -------- çˆ¬åˆ°çš„å­—æ®µ, key = stats.hits value= 5.9w [0m 
[32m[INFO ] 2025-12-05 16:17:16 spider_template_book_type.go:670 æ˜ å°„åçš„comicå¯¹è±¡: {Id:0 Name:å‹æƒ…ä¸‡ç¡ WebsiteId:0 PornTypeId:0 CountryId:0 TypeId:0 ProcessId:0 AuthorArr:[] LatestChapterId:<nil> ComicUrlApiPath:location.href='/manga/3994'; CoverUrlApiPath:https://img.imh99.top/webtoon/cover-image/2323_1749777887405.webp BriefShort: BriefLong: End:0 SpiderEndStatus:0 DownloadEndStatus:0 UploadAwsEndStatus:0 UploadBaiduEndStatus:0 ReleaseDate:0001-01-01 00:00:00 +0000 UTC AuthorConcat: AuthorConcatType:0 CreatedAt:0001-01-01 00:00:00 +0000 UTC UpdatedAt:0001-01-01 00:00:00 +0000 UTC DeletedAt:{Time:0001-01-01 00:00:00 +0000 UTC Valid:false} Country:{Id:0 Name:} Website:{Id:0 Name: Domain: NeedProxy:false IsHttps:false IsRefer:false CoverURLIsNeedHttps:false ChapterContentURLIsNeedHttps:false CoverURLConcatRule: ChapterContentURLConcatRule: CoverDomain: ChapterContentDomain: BookCanSpiderType: ChapterCanSpiderType: BookSpiderReqBodyEgServerFilepath: ChapterSpiderReqBodyEgServerFilepath: StarType: WebsiteTypeId:0 WebsiteType:{Id:0 Name:}} PornType:{Id:0 Name:} Type:{Id:0 Name: Level:0 Parent:0} Process:{Id:0 Name:} Stats:{ID:0 ComicID:0 LatestChapterId:<nil> Star:0 LatestChapterName: Hits:0 TotalChapter:0 LastestChapterReleaseDate:0001-01-01 00:00:00 +0000 UTC} LatestChapter:{Id:0 ChapterNum:0 ChapterSubNum:0 ChapterRealSortNum:0 Name: UrlApiPath: ReleaseDate:0001-01-01 00:00:00 +0000 UTC SpiderStatus:0 ParentId:0 CreatedAt:0001-01-01 00:00:00 +0000 UTC UpdatedAt:0001-01-01 00:00:00 +0000 UTC DeletedAt:{Time:0001-01-01 00:00:00 +0000 UTC Valid:false}}} [0m 
[32m[INFO ] 2025-12-05 16:17:16 spider_template_book_type.go:658 -------------- åŒ¹é…col-lg-2.col-md-3.col-sm-4.col-6 = 
                            
                                
                                    
                                    å®Œç»“
                                    
                                     5.8w
                                
                                
                                    çºµå¤å¤œä¹‹æ¢¦(æ— ç ç‰ˆ)
                                
                            
                         [0m 
[32m[INFO ] 2025-12-05 16:17:16 spider_template_book_type.go:663 -------- delete comicSpiderStats = {0 0 <nil> 0  0 0 0001-01-01 00:00:00 +0000 UTC} [0m 
[34m[DEBUG] 2025-12-05 16:17:16 spider_template_book_type.go:756 -------- çˆ¬åˆ°çš„å­—æ®µ, key = comicUrlApiPath value= location.href='/manga/4094'; [0m 
[34m[DEBUG] 2025-12-05 16:17:16 spider_template_book_type.go:756 -------- çˆ¬åˆ°çš„å­—æ®µ, key = coverUrlApiPath value= https://img.imh99.top/webtoon/cover-image/2425_1750037358929.webp [0m 
[34m[DEBUG] 2025-12-05 16:17:16 spider_template_book_type.go:756 -------- çˆ¬åˆ°çš„å­—æ®µ, key = name value= çºµå¤å¤œä¹‹æ¢¦(æ— ç ç‰ˆ) [0m 
[34m[DEBUG] 2025-12-05 16:17:16 spider_template_book_type.go:756 -------- çˆ¬åˆ°çš„å­—æ®µ, key = end value= å®Œç»“ [0m 
[34m[DEBUG] 2025-12-05 16:17:16 spider_template_book_type.go:756 -------- çˆ¬åˆ°çš„å­—æ®µ, key = stats.hits value= 5.8w [0m 
[32m[INFO ] 2025-12-05 16:17:16 spider_template_book_type.go:670 æ˜ å°„åçš„comicå¯¹è±¡: {Id:0 Name:çºµå¤å¤œä¹‹æ¢¦(æ— ç ç‰ˆ) WebsiteId:0 PornTypeId:0 CountryId:0 TypeId:0 ProcessId:0 AuthorArr:[] LatestChapterId:<nil> ComicUrlApiPath:location.href='/manga/4094'; CoverUrlApiPath:https://img.imh99.top/webtoon/cover-image/2425_1750037358929.webp BriefShort: BriefLong: End:0 SpiderEndStatus:0 DownloadEndStatus:0 UploadAwsEndStatus:0 UploadBaiduEndStatus:0 ReleaseDate:0001-01-01 00:00:00 +0000 UTC AuthorConcat: AuthorConcatType:0 CreatedAt:0001-01-01 00:00:00 +0000 UTC UpdatedAt:0001-01-01 00:00:00 +0000 UTC DeletedAt:{Time:0001-01-01 00:00:00 +0000 UTC Valid:false} Country:{Id:0 Name:} Website:{Id:0 Name: Domain: NeedProxy:false IsHttps:false IsRefer:false CoverURLIsNeedHttps:false ChapterContentURLIsNeedHttps:false CoverURLConcatRule: ChapterContentURLConcatRule: CoverDomain: ChapterContentDomain: BookCanSpiderType: ChapterCanSpiderType: BookSpiderReqBodyEgServerFilepath: ChapterSpiderReqBodyEgServerFilepath: StarType: WebsiteTypeId:0 WebsiteType:{Id:0 Name:}} PornType:{Id:0 Name:} Type:{Id:0 Name: Level:0 Parent:0} Process:{Id:0 Name:} Stats:{ID:0 ComicID:0 LatestChapterId:<nil> Star:0 LatestChapterName: Hits:0 TotalChapter:0 LastestChapterReleaseDate:0001-01-01 00:00:00 +0000 UTC} LatestChapter:{Id:0 ChapterNum:0 ChapterSubNum:0 ChapterRealSortNum:0 Name: UrlApiPath: ReleaseDate:0001-01-01 00:00:00 +0000 UTC SpiderStatus:0 ParentId:0 CreatedAt:0001-01-01 00:00:00 +0000 UTC UpdatedAt:0001-01-01 00:00:00 +0000 UTC DeletedAt:{Time:0001-01-01 00:00:00 +0000 UTC Valid:false}}} [0m 
[32m[INFO ] 2025-12-05 16:17:16 spider_template_book_type.go:658 -------------- åŒ¹é…col-lg-2.col-md-3.col-sm-4.col-6 = 
                            
                                
                                    
                                    å®Œç»“
                                    
                                     5.4w
                                
                                
                                    å¦ˆå¦ˆæ˜¯å¥³å¤§å­¦ç”Ÿ
                                
                            
                         [0m 
[32m[INFO ] 2025-12-05 16:17:16 spider_template_book_type.go:663 -------- delete comicSpiderStats = {0 0 <nil> 0  0 0 0001-01-01 00:00:00 +0000 UTC} [0m 
[34m[DEBUG] 2025-12-05 16:17:16 spider_template_book_type.go:756 -------- çˆ¬åˆ°çš„å­—æ®µ, key = comicUrlApiPath value= location.href='/manga/2589'; [0m 
[34m[DEBUG] 2025-12-05 16:17:16 spider_template_book_type.go:756 -------- çˆ¬åˆ°çš„å­—æ®µ, key = coverUrlApiPath value= https://img.imh99.top/webtoon/cover-image/454_1748336745890.webp [0m 
[34m[DEBUG] 2025-12-05 16:17:16 spider_template_book_type.go:756 -------- çˆ¬åˆ°çš„å­—æ®µ, key = name value= å¦ˆå¦ˆæ˜¯å¥³å¤§å­¦ç”Ÿ [0m 
[34m[DEBUG] 2025-12-05 16:17:16 spider_template_book_type.go:756 -------- çˆ¬åˆ°çš„å­—æ®µ, key = end value= å®Œç»“ [0m 
[34m[DEBUG] 2025-12-05 16:17:16 spider_template_book_type.go:756 -------- çˆ¬åˆ°çš„å­—æ®µ, key = stats.hits value= 5.4w [0m 
[32m[INFO ] 2025-12-05 16:17:16 spider_template_book_type.go:670 æ˜ å°„åçš„comicå¯¹è±¡: {Id:0 Name:å¦ˆå¦ˆæ˜¯å¥³å¤§å­¦ç”Ÿ WebsiteId:0 PornTypeId:0 CountryId:0 TypeId:0 ProcessId:0 AuthorArr:[] LatestChapterId:<nil> ComicUrlApiPath:location.href='/manga/2589'; CoverUrlApiPath:https://img.imh99.top/webtoon/cover-image/454_1748336745890.webp BriefShort: BriefLong: End:0 SpiderEndStatus:0 DownloadEndStatus:0 UploadAwsEndStatus:0 UploadBaiduEndStatus:0 ReleaseDate:0001-01-01 00:00:00 +0000 UTC AuthorConcat: AuthorConcatType:0 CreatedAt:0001-01-01 00:00:00 +0000 UTC UpdatedAt:0001-01-01 00:00:00 +0000 UTC DeletedAt:{Time:0001-01-01 00:00:00 +0000 UTC Valid:false} Country:{Id:0 Name:} Website:{Id:0 Name: Domain: NeedProxy:false IsHttps:false IsRefer:false CoverURLIsNeedHttps:false ChapterContentURLIsNeedHttps:false CoverURLConcatRule: ChapterContentURLConcatRule: CoverDomain: ChapterContentDomain: BookCanSpiderType: ChapterCanSpiderType: BookSpiderReqBodyEgServerFilepath: ChapterSpiderReqBodyEgServerFilepath: StarType: WebsiteTypeId:0 WebsiteType:{Id:0 Name:}} PornType:{Id:0 Name:} Type:{Id:0 Name: Level:0 Parent:0} Process:{Id:0 Name:} Stats:{ID:0 ComicID:0 LatestChapterId:<nil> Star:0 LatestChapterName: Hits:0 TotalChapter:0 LastestChapterReleaseDate:0001-01-01 00:00:00 +0000 UTC} LatestChapter:{Id:0 ChapterNum:0 ChapterSubNum:0 ChapterRealSortNum:0 Name: UrlApiPath: ReleaseDate:0001-01-01 00:00:00 +0000 UTC SpiderStatus:0 ParentId:0 CreatedAt:0001-01-01 00:00:00 +0000 UTC UpdatedAt:0001-01-01 00:00:00 +0000 UTC DeletedAt:{Time:0001-01-01 00:00:00 +0000 UTC Valid:false}}} [0m 
[32m[INFO ] 2025-12-05 16:17:16 spider_template_book_type.go:658 -------------- åŒ¹é…col-lg-2.col-md-3.col-sm-4.col-6 = 
                            
                                
                                    
                                    å®Œç»“
                                    
                                     5.3w
                                
                                
                                    èˆè¹ˆç³»å­¦å§Šä»¬
                                
                            
                         [0m 
[32m[INFO ] 2025-12-05 16:17:16 spider_template_book_type.go:663 -------- delete comicSpiderStats = {0 0 <nil> 0  0 0 0001-01-01 00:00:00 +0000 UTC} [0m 
[34m[DEBUG] 2025-12-05 16:17:16 spider_template_book_type.go:756 -------- çˆ¬åˆ°çš„å­—æ®µ, key = comicUrlApiPath value= location.href='/manga/2722'; [0m 
[34m[DEBUG] 2025-12-05 16:17:16 spider_template_book_type.go:756 -------- çˆ¬åˆ°çš„å­—æ®µ, key = coverUrlApiPath value= https://img.imh99.top/webtoon/cover-image/618_1748423944636.webp [0m 
[34m[DEBUG] 2025-12-05 16:17:16 spider_template_book_type.go:756 -------- çˆ¬åˆ°çš„å­—æ®µ, key = name value= èˆè¹ˆç³»å­¦å§Šä»¬ [0m 
[34m[DEBUG] 2025-12-05 16:17:16 spider_template_book_type.go:756 -------- çˆ¬åˆ°çš„å­—æ®µ, key = end value= å®Œç»“ [0m 
[34m[DEBUG] 2025-12-05 16:17:16 spider_template_book_type.go:756 -------- çˆ¬åˆ°çš„å­—æ®µ, key = stats.hits value= 5.3w [0m 
[32m[INFO ] 2025-12-05 16:17:16 spider_template_book_type.go:670 æ˜ å°„åçš„comicå¯¹è±¡: {Id:0 Name:èˆè¹ˆç³»å­¦å§Šä»¬ WebsiteId:0 PornTypeId:0 CountryId:0 TypeId:0 ProcessId:0 AuthorArr:[] LatestChapterId:<nil> ComicUrlApiPath:location.href='/manga/2722'; CoverUrlApiPath:https://img.imh99.top/webtoon/cover-image/618_1748423944636.webp BriefShort: BriefLong: End:0 SpiderEndStatus:0 DownloadEndStatus:0 UploadAwsEndStatus:0 UploadBaiduEndStatus:0 ReleaseDate:0001-01-01 00:00:00 +0000 UTC AuthorConcat: AuthorConcatType:0 CreatedAt:0001-01-01 00:00:00 +0000 UTC UpdatedAt:0001-01-01 00:00:00 +0000 UTC DeletedAt:{Time:0001-01-01 00:00:00 +0000 UTC Valid:false} Country:{Id:0 Name:} Website:{Id:0 Name: Domain: NeedProxy:false IsHttps:false IsRefer:false CoverURLIsNeedHttps:false ChapterContentURLIsNeedHttps:false CoverURLConcatRule: ChapterContentURLConcatRule: CoverDomain: ChapterContentDomain: BookCanSpiderType: ChapterCanSpiderType: BookSpiderReqBodyEgServerFilepath: ChapterSpiderReqBodyEgServerFilepath: StarType: WebsiteTypeId:0 WebsiteType:{Id:0 Name:}} PornType:{Id:0 Name:} Type:{Id:0 Name: Level:0 Parent:0} Process:{Id:0 Name:} Stats:{ID:0 ComicID:0 LatestChapterId:<nil> Star:0 LatestChapterName: Hits:0 TotalChapter:0 LastestChapterReleaseDate:0001-01-01 00:00:00 +0000 UTC} LatestChapter:{Id:0 ChapterNum:0 ChapterSubNum:0 ChapterRealSortNum:0 Name: UrlApiPath: ReleaseDate:0001-01-01 00:00:00 +0000 UTC SpiderStatus:0 ParentId:0 CreatedAt:0001-01-01 00:00:00 +0000 UTC UpdatedAt:0001-01-01 00:00:00 +0000 UTC DeletedAt:{Time:0001-01-01 00:00:00 +0000 UTC Valid:false}}} [0m 
[34m[DEBUG] 2025-12-05 16:26:28 proc.go:7670 æ‰“å°é…ç½®: ---------------------------------  [0m 
[34m[DEBUG] 2025-12-05 16:26:28 proc.go:7670 [log] ç›¸å…³ [0m 
[34m[DEBUG] 2025-12-05 16:26:28 proc.go:7670 log.level = debug [0m 
[34m[DEBUG] 2025-12-05 16:26:28 proc.go:7670 log.path = log/app.log [0m 
[34m[DEBUG] 2025-12-05 16:26:28 proc.go:7670 [network] ç›¸å…³--- [0m 
[34m[DEBUG] 2025-12-05 16:26:28 proc.go:7670 network.ximalayaIIp_ip = www.ximalaya.com [0m 
[34m[DEBUG] 2025-12-05 16:26:28 proc.go:7670 [db] ç›¸å…³  [0m 
[34m[DEBUG] 2025-12-05 16:26:28 proc.go:7670 db.name = comic [0m 
[34m[DEBUG] 2025-12-05 16:26:28 proc.go:7670 db.user = root [0m 
[34m[DEBUG] 2025-12-05 16:26:28 proc.go:7670 db.password = password [0m 
[34m[DEBUG] 2025-12-05 16:26:28 proc.go:7670 [gin] ç›¸å…³ [0m 
[34m[DEBUG] 2025-12-05 16:26:28 proc.go:7670 gin.mode = release [0m 
[34m[DEBUG] 2025-12-05 16:26:28 proc.go:7670 [spider] ç›¸å…³ [0m 
[34m[DEBUG] 2025-12-05 16:26:28 proc.go:7670 [spider] ç›¸å…³ - å…¬ç”¨é…ç½®:  [0m 
[34m[DEBUG] 2025-12-05 16:26:28 proc.go:7670 [spider] ç›¸å…³ - å…¬ç”¨é…ç½® - çˆ¬å–æŸä¸€ç±» é…ç½®:  [0m 
[34m[DEBUG] 2025-12-05 16:26:28 proc.go:7670 æ¯æ¬¡è¯·æ±‚å‰éšæœºå»¶è¿Ÿ (ç§’) random_delay_time = 5 [0m 
[34m[DEBUG] 2025-12-05 16:26:28 proc.go:7670 çˆ¬è™«é˜Ÿåˆ—, æœ€å¤§å¹¶å‘æ•° queue_limit_conc_maxnum = 3 [0m 
[34m[DEBUG] 2025-12-05 16:26:28 proc.go:7670 çˆ¬è™«é˜Ÿåˆ—, æ± æœ€å¤§æ•° queue_pool_maxnum = 100 [0m 
[34m[DEBUG] 2025-12-05 16:26:28 proc.go:7670 æ‰“å°é…ç½®: --------------------------------- end   [0m 
[34m[DEBUG] 2025-12-05 16:26:28 db.go:94 å•ä¾‹: æ•°æ®åº“è¿æ¥æˆåŠŸ [0m 
[32m[INFO ] 2025-12-05 16:26:29 db.go:249 æ’å…¥é»˜è®¤æ•°æ®comic-website_type æˆåŠŸä¸ªæ•°: 8 [0m 
[32m[INFO ] 2025-12-05 16:26:29 db.go:249 æ’å…¥é»˜è®¤æ•°æ®comic-website æˆåŠŸä¸ªæ•°: 4 [0m 
[32m[INFO ] 2025-12-05 16:26:29 db.go:249 æ’å…¥é»˜è®¤æ•°æ®comic-porntype æˆåŠŸä¸ªæ•°: 3 [0m 
[32m[INFO ] 2025-12-05 16:26:29 db.go:249 æ’å…¥é»˜è®¤æ•°æ®comic-country æˆåŠŸä¸ªæ•°: 5 [0m 
[32m[INFO ] 2025-12-05 16:26:29 db.go:249 æ’å…¥é»˜è®¤æ•°æ®comic-type æˆåŠŸä¸ªæ•°: 7 [0m 
[32m[INFO ] 2025-12-05 16:26:29 db.go:249 æ’å…¥é»˜è®¤æ•°æ®comic-process æˆåŠŸä¸ªæ•°: 3 [0m 
[32m[INFO ] 2025-12-05 16:26:29 db.go:249 æ’å…¥é»˜è®¤æ•°æ®comic-author æˆåŠŸä¸ªæ•°: 1 [0m 
[34m[DEBUG] 2025-12-05 16:26:52 proc.go:7670 æ‰“å°é…ç½®: ---------------------------------  [0m 
[34m[DEBUG] 2025-12-05 16:26:52 proc.go:7670 [log] ç›¸å…³ [0m 
[34m[DEBUG] 2025-12-05 16:26:52 proc.go:7670 log.level = debug [0m 
[34m[DEBUG] 2025-12-05 16:26:52 proc.go:7670 log.path = log/app.log [0m 
[34m[DEBUG] 2025-12-05 16:26:52 proc.go:7670 [network] ç›¸å…³--- [0m 
[34m[DEBUG] 2025-12-05 16:26:52 proc.go:7670 network.ximalayaIIp_ip = www.ximalaya.com [0m 
[34m[DEBUG] 2025-12-05 16:26:52 proc.go:7670 [db] ç›¸å…³  [0m 
[34m[DEBUG] 2025-12-05 16:26:52 proc.go:7670 db.name = comic [0m 
[34m[DEBUG] 2025-12-05 16:26:52 proc.go:7670 db.user = root [0m 
[34m[DEBUG] 2025-12-05 16:26:52 proc.go:7670 db.password = password [0m 
[34m[DEBUG] 2025-12-05 16:26:52 proc.go:7670 [gin] ç›¸å…³ [0m 
[34m[DEBUG] 2025-12-05 16:26:52 proc.go:7670 gin.mode = release [0m 
[34m[DEBUG] 2025-12-05 16:26:52 proc.go:7670 [spider] ç›¸å…³ [0m 
[34m[DEBUG] 2025-12-05 16:26:52 proc.go:7670 [spider] ç›¸å…³ - å…¬ç”¨é…ç½®:  [0m 
[34m[DEBUG] 2025-12-05 16:26:52 proc.go:7670 [spider] ç›¸å…³ - å…¬ç”¨é…ç½® - çˆ¬å–æŸä¸€ç±» é…ç½®:  [0m 
[34m[DEBUG] 2025-12-05 16:26:52 proc.go:7670 æ¯æ¬¡è¯·æ±‚å‰éšæœºå»¶è¿Ÿ (ç§’) random_delay_time = 5 [0m 
[34m[DEBUG] 2025-12-05 16:26:52 proc.go:7670 çˆ¬è™«é˜Ÿåˆ—, æœ€å¤§å¹¶å‘æ•° queue_limit_conc_maxnum = 3 [0m 
[34m[DEBUG] 2025-12-05 16:26:52 proc.go:7670 çˆ¬è™«é˜Ÿåˆ—, æ± æœ€å¤§æ•° queue_pool_maxnum = 100 [0m 
[34m[DEBUG] 2025-12-05 16:26:52 proc.go:7670 æ‰“å°é…ç½®: --------------------------------- end   [0m 
[34m[DEBUG] 2025-12-05 16:26:52 db.go:94 å•ä¾‹: æ•°æ®åº“è¿æ¥æˆåŠŸ [0m 
[32m[INFO ] 2025-12-05 16:26:52 db.go:249 æ’å…¥é»˜è®¤æ•°æ®comic-website_type æˆåŠŸä¸ªæ•°: 8 [0m 
[32m[INFO ] 2025-12-05 16:26:52 db.go:249 æ’å…¥é»˜è®¤æ•°æ®comic-website æˆåŠŸä¸ªæ•°: 4 [0m 
[32m[INFO ] 2025-12-05 16:26:52 db.go:249 æ’å…¥é»˜è®¤æ•°æ®comic-porntype æˆåŠŸä¸ªæ•°: 3 [0m 
[32m[INFO ] 2025-12-05 16:26:52 db.go:249 æ’å…¥é»˜è®¤æ•°æ®comic-country æˆåŠŸä¸ªæ•°: 5 [0m 
[32m[INFO ] 2025-12-05 16:26:52 db.go:249 æ’å…¥é»˜è®¤æ•°æ®comic-type æˆåŠŸä¸ªæ•°: 7 [0m 
[32m[INFO ] 2025-12-05 16:26:52 db.go:249 æ’å…¥é»˜è®¤æ•°æ®comic-process æˆåŠŸä¸ªæ•°: 3 [0m 
[32m[INFO ] 2025-12-05 16:26:52 db.go:249 æ’å…¥é»˜è®¤æ•°æ®comic-author æˆåŠŸä¸ªæ•°: 1 [0m 
[34m[DEBUG] 2025-12-05 16:26:58 proc.go:7670 æ‰“å°é…ç½®: ---------------------------------  [0m 
[34m[DEBUG] 2025-12-05 16:26:58 proc.go:7670 [log] ç›¸å…³ [0m 
[34m[DEBUG] 2025-12-05 16:26:58 proc.go:7670 log.level = debug [0m 
[34m[DEBUG] 2025-12-05 16:26:58 proc.go:7670 log.path = log/app.log [0m 
[34m[DEBUG] 2025-12-05 16:26:58 proc.go:7670 [network] ç›¸å…³--- [0m 
[34m[DEBUG] 2025-12-05 16:26:58 proc.go:7670 network.ximalayaIIp_ip = www.ximalaya.com [0m 
[34m[DEBUG] 2025-12-05 16:26:58 proc.go:7670 [db] ç›¸å…³  [0m 
[34m[DEBUG] 2025-12-05 16:26:58 proc.go:7670 db.name = comic [0m 
[34m[DEBUG] 2025-12-05 16:26:58 proc.go:7670 db.user = root [0m 
[34m[DEBUG] 2025-12-05 16:26:58 proc.go:7670 db.password = password [0m 
[34m[DEBUG] 2025-12-05 16:26:58 proc.go:7670 [gin] ç›¸å…³ [0m 
[34m[DEBUG] 2025-12-05 16:26:58 proc.go:7670 gin.mode = release [0m 
[34m[DEBUG] 2025-12-05 16:26:58 proc.go:7670 [spider] ç›¸å…³ [0m 
[34m[DEBUG] 2025-12-05 16:26:58 proc.go:7670 [spider] ç›¸å…³ - å…¬ç”¨é…ç½®:  [0m 
[34m[DEBUG] 2025-12-05 16:26:58 proc.go:7670 [spider] ç›¸å…³ - å…¬ç”¨é…ç½® - çˆ¬å–æŸä¸€ç±» é…ç½®:  [0m 
[34m[DEBUG] 2025-12-05 16:26:58 proc.go:7670 æ¯æ¬¡è¯·æ±‚å‰éšæœºå»¶è¿Ÿ (ç§’) random_delay_time = 5 [0m 
[34m[DEBUG] 2025-12-05 16:26:58 proc.go:7670 çˆ¬è™«é˜Ÿåˆ—, æœ€å¤§å¹¶å‘æ•° queue_limit_conc_maxnum = 3 [0m 
[34m[DEBUG] 2025-12-05 16:26:58 proc.go:7670 çˆ¬è™«é˜Ÿåˆ—, æ± æœ€å¤§æ•° queue_pool_maxnum = 100 [0m 
[34m[DEBUG] 2025-12-05 16:26:58 proc.go:7670 æ‰“å°é…ç½®: --------------------------------- end   [0m 
[34m[DEBUG] 2025-12-05 16:26:58 db.go:94 å•ä¾‹: æ•°æ®åº“è¿æ¥æˆåŠŸ [0m 
[32m[INFO ] 2025-12-05 16:26:58 db.go:249 æ’å…¥é»˜è®¤æ•°æ®comic-website_type æˆåŠŸä¸ªæ•°: 8 [0m 
[32m[INFO ] 2025-12-05 16:26:58 db.go:249 æ’å…¥é»˜è®¤æ•°æ®comic-website æˆåŠŸä¸ªæ•°: 4 [0m 
[32m[INFO ] 2025-12-05 16:26:58 db.go:249 æ’å…¥é»˜è®¤æ•°æ®comic-porntype æˆåŠŸä¸ªæ•°: 3 [0m 
[32m[INFO ] 2025-12-05 16:26:58 db.go:249 æ’å…¥é»˜è®¤æ•°æ®comic-country æˆåŠŸä¸ªæ•°: 5 [0m 
[32m[INFO ] 2025-12-05 16:26:58 db.go:249 æ’å…¥é»˜è®¤æ•°æ®comic-type æˆåŠŸä¸ªæ•°: 7 [0m 
[32m[INFO ] 2025-12-05 16:26:58 db.go:249 æ’å…¥é»˜è®¤æ•°æ®comic-process æˆåŠŸä¸ªæ•°: 3 [0m 
[32m[INFO ] 2025-12-05 16:26:58 db.go:249 æ’å…¥é»˜è®¤æ•°æ®comic-author æˆåŠŸä¸ªæ•°: 1 [0m 
