[32m[INFO ] 2025-05-08 18:36:35 website.go:22 åˆ›å»ºæˆåŠŸ:&{1 1 Test Website http://test.com 1 1} [0m 
[32m[INFO ] 2025-05-08 18:36:35 website.go:143 æŸ¥è¯¢æˆåŠŸ:{1 1 Test Website http://test.com 1 1} [0m 
[32m[INFO ] 2025-05-08 18:36:35 website.go:22 åˆ›å»ºæˆåŠŸ:&{1 1 Test Website1 http://test.com1 1 1} [0m 
[34m[DEBUG] 2025-05-08 18:36:35 website.go:32 æ‰¹é‡åˆ›å»ºç¬¬1æ¡æˆåŠŸ, website: Test Website1 [0m 
[32m[INFO ] 2025-05-08 18:36:35 website.go:22 åˆ›å»ºæˆåŠŸ:&{0 2 Test Website2 http://test.com2 1 1} [0m 
[34m[DEBUG] 2025-05-08 18:36:35 website.go:32 æ‰¹é‡åˆ›å»ºç¬¬2æ¡æˆåŠŸ, website: Test Website2 [0m 
[34m[DEBUG] 2025-05-08 18:36:35 website.go:179 æ‰¹é‡æŸ¥è¯¢æˆåŠŸ, æŸ¥è¯¢åˆ° 2 æ¡è®°å½• [0m 
[32m[INFO ] 2025-05-08 19:11:58 website.go:22 åˆ›å»ºæˆåŠŸ:&{1 1 Test Website http://test.com 1 1} [0m 
[32m[INFO ] 2025-05-08 19:11:58 website.go:143 æŸ¥è¯¢æˆåŠŸ:{1 1 Test Website http://test.com 1 1} [0m 
[32m[INFO ] 2025-05-08 19:11:58 website.go:22 åˆ›å»ºæˆåŠŸ:&{1 1 Test Website1 http://test.com1 1 1} [0m 
[34m[DEBUG] 2025-05-08 19:11:58 website.go:32 æ‰¹é‡åˆ›å»ºç¬¬1æ¡æˆåŠŸ, website: Test Website1 [0m 
[32m[INFO ] 2025-05-08 19:11:58 website.go:22 åˆ›å»ºæˆåŠŸ:&{0 2 Test Website2 http://test.com2 1 1} [0m 
[34m[DEBUG] 2025-05-08 19:11:58 website.go:32 æ‰¹é‡åˆ›å»ºç¬¬2æ¡æˆåŠŸ, website: Test Website2 [0m 
[34m[DEBUG] 2025-05-08 19:11:58 website.go:179 æ‰¹é‡æŸ¥è¯¢æˆåŠŸ, æŸ¥è¯¢åˆ° 2 æ¡è®°å½• [0m 
[32m[INFO ] 2025-05-08 19:14:37 website.go:22 åˆ›å»ºæˆåŠŸ:&{1 1 Test Website http://test.com 1 1} [0m 
[32m[INFO ] 2025-05-08 19:14:37 website.go:143 æŸ¥è¯¢æˆåŠŸ:{1 1 Test Website http://test.com 1 1} [0m 
[32m[INFO ] 2025-05-08 19:14:37 website.go:22 åˆ›å»ºæˆåŠŸ:&{1 1 Test Website1 http://test.com1 1 1} [0m 
[34m[DEBUG] 2025-05-08 19:14:37 website.go:32 æ‰¹é‡åˆ›å»ºç¬¬1æ¡æˆåŠŸ, website: Test Website1 [0m 
[32m[INFO ] 2025-05-08 19:14:37 website.go:22 åˆ›å»ºæˆåŠŸ:&{0 2 Test Website2 http://test.com2 1 1} [0m 
[34m[DEBUG] 2025-05-08 19:14:37 website.go:32 æ‰¹é‡åˆ›å»ºç¬¬2æ¡æˆåŠŸ, website: Test Website2 [0m 
[34m[DEBUG] 2025-05-08 19:14:37 website.go:179 æ‰¹é‡æŸ¥è¯¢æˆåŠŸ, æŸ¥è¯¢åˆ° 2 æ¡è®°å½• [0m 
[32m[INFO ] 2025-05-08 19:20:52 website.go:22 åˆ›å»ºæˆåŠŸ:&{1 1 Test Website http://test.com 1 1} [0m 
[32m[INFO ] 2025-05-08 19:20:52 website.go:143 æŸ¥è¯¢æˆåŠŸ:{1 1 Test Website http://test.com 1 1} [0m 
[32m[INFO ] 2025-05-08 19:20:52 website.go:22 åˆ›å»ºæˆåŠŸ:&{1 1 Test Website1 http://test.com1 1 1} [0m 
[34m[DEBUG] 2025-05-08 19:20:52 website.go:32 æ‰¹é‡åˆ›å»ºç¬¬1æ¡æˆåŠŸ, website: Test Website1 [0m 
[32m[INFO ] 2025-05-08 19:20:52 website.go:22 åˆ›å»ºæˆåŠŸ:&{0 2 Test Website2 http://test.com2 1 1} [0m 
[34m[DEBUG] 2025-05-08 19:20:52 website.go:32 æ‰¹é‡åˆ›å»ºç¬¬2æ¡æˆåŠŸ, website: Test Website2 [0m 
[34m[DEBUG] 2025-05-08 19:20:52 website.go:179 æ‰¹é‡æŸ¥è¯¢æˆåŠŸ, æŸ¥è¯¢åˆ° 2 æ¡è®°å½• [0m 
[32m[INFO ] 2025-05-08 19:24:23 website.go:22 åˆ›å»ºæˆåŠŸ:&{1 1 Test Website http://test.com 1 1} [0m 
[32m[INFO ] 2025-05-08 19:24:23 website.go:143 æŸ¥è¯¢æˆåŠŸ:{1 1 Test Website http://test.com 1 1} [0m 
[32m[INFO ] 2025-05-08 19:24:23 website.go:22 åˆ›å»ºæˆåŠŸ:&{1 1 Test Website1 http://test.com1 1 1} [0m 
[34m[DEBUG] 2025-05-08 19:24:23 website.go:32 æ‰¹é‡åˆ›å»ºç¬¬1æ¡æˆåŠŸ, website: Test Website1 [0m 
[32m[INFO ] 2025-05-08 19:24:23 website.go:22 åˆ›å»ºæˆåŠŸ:&{0 2 Test Website2 http://test.com2 1 1} [0m 
[34m[DEBUG] 2025-05-08 19:24:23 website.go:32 æ‰¹é‡åˆ›å»ºç¬¬2æ¡æˆåŠŸ, website: Test Website2 [0m 
[34m[DEBUG] 2025-05-08 19:24:23 website.go:179 æ‰¹é‡æŸ¥è¯¢æˆåŠŸ, æŸ¥è¯¢åˆ° 2 æ¡è®°å½• [0m 
[32m[INFO ] 2025-05-08 19:25:24 website.go:22 åˆ›å»ºæˆåŠŸ:&{1 1 Test Website http://test.com 1 1} [0m 
[32m[INFO ] 2025-05-08 19:25:24 website.go:143 æŸ¥è¯¢æˆåŠŸ:{1 1 Test Website http://test.com 1 1} [0m 
[32m[INFO ] 2025-05-08 19:25:24 website.go:22 åˆ›å»ºæˆåŠŸ:&{1 1 Test Website1 http://test.com1 1 1} [0m 
[34m[DEBUG] 2025-05-08 19:25:24 website.go:32 æ‰¹é‡åˆ›å»ºç¬¬1æ¡æˆåŠŸ, website: Test Website1 [0m 
[32m[INFO ] 2025-05-08 19:25:24 website.go:22 åˆ›å»ºæˆåŠŸ:&{0 2 Test Website2 http://test.com2 1 1} [0m 
[34m[DEBUG] 2025-05-08 19:25:24 website.go:32 æ‰¹é‡åˆ›å»ºç¬¬2æ¡æˆåŠŸ, website: Test Website2 [0m 
[34m[DEBUG] 2025-05-08 19:25:24 website.go:179 æ‰¹é‡æŸ¥è¯¢æˆåŠŸ, æŸ¥è¯¢åˆ° 2 æ¡è®°å½• [0m 
[32m[INFO ] 2025-05-08 19:26:12 website.go:22 åˆ›å»ºæˆåŠŸ:&{1 1 Test Website http://test.com 1 1} [0m 
[32m[INFO ] 2025-05-08 19:26:12 website.go:143 æŸ¥è¯¢æˆåŠŸ:{1 1 Test Website http://test.com 1 1} [0m 
[32m[INFO ] 2025-05-08 19:26:38 website.go:22 åˆ›å»ºæˆåŠŸ:&{0 1 Test Website http://test.com 1 1} [0m 
[32m[INFO ] 2025-05-08 19:26:38 website.go:143 æŸ¥è¯¢æˆåŠŸ:{1 1 Test Website http://test.com 1 1} [0m 
[32m[INFO ] 2025-05-08 19:26:38 website.go:22 åˆ›å»ºæˆåŠŸ:&{1 1 Test Website1 http://test.com1 1 1} [0m 
[34m[DEBUG] 2025-05-08 19:26:38 website.go:32 æ‰¹é‡åˆ›å»ºç¬¬1æ¡æˆåŠŸ, website: Test Website1 [0m 
[32m[INFO ] 2025-05-08 19:26:38 website.go:22 åˆ›å»ºæˆåŠŸ:&{0 2 Test Website2 http://test.com2 1 1} [0m 
[34m[DEBUG] 2025-05-08 19:26:38 website.go:32 æ‰¹é‡åˆ›å»ºç¬¬2æ¡æˆåŠŸ, website: Test Website2 [0m 
[32m[INFO ] 2025-05-08 19:27:00 website.go:22 åˆ›å»ºæˆåŠŸ:&{1 1 Test Website http://test.com 1 1} [0m 
[32m[INFO ] 2025-05-08 19:27:00 website.go:143 æŸ¥è¯¢æˆåŠŸ:{1 1 Test Website http://test.com 1 1} [0m 
[32m[INFO ] 2025-05-08 19:27:00 website.go:22 åˆ›å»ºæˆåŠŸ:&{1 1 Test Website1 http://test.com1 1 1} [0m 
[34m[DEBUG] 2025-05-08 19:27:00 website.go:32 æ‰¹é‡åˆ›å»ºç¬¬1æ¡æˆåŠŸ, website: Test Website1 [0m 
[32m[INFO ] 2025-05-08 19:27:00 website.go:22 åˆ›å»ºæˆåŠŸ:&{0 2 Test Website2 http://test.com2 1 1} [0m 
[34m[DEBUG] 2025-05-08 19:27:00 website.go:32 æ‰¹é‡åˆ›å»ºç¬¬2æ¡æˆåŠŸ, website: Test Website2 [0m 
[32m[INFO ] 2025-05-08 19:27:15 website.go:22 åˆ›å»ºæˆåŠŸ:&{1 1 Test Website http://test.com 1 1} [0m 
[32m[INFO ] 2025-05-08 19:27:15 website.go:143 æŸ¥è¯¢æˆåŠŸ:{1 1 Test Website http://test.com 1 1} [0m 
[32m[INFO ] 2025-05-08 19:27:15 website.go:22 åˆ›å»ºæˆåŠŸ:&{1 1 Test Website1 http://test.com1 1 1} [0m 
[34m[DEBUG] 2025-05-08 19:27:15 website.go:32 æ‰¹é‡åˆ›å»ºç¬¬1æ¡æˆåŠŸ, website: Test Website1 [0m 
[32m[INFO ] 2025-05-08 19:27:15 website.go:22 åˆ›å»ºæˆåŠŸ:&{0 2 Test Website2 http://test.com2 1 1} [0m 
[34m[DEBUG] 2025-05-08 19:27:15 website.go:32 æ‰¹é‡åˆ›å»ºç¬¬2æ¡æˆåŠŸ, website: Test Website2 [0m 
[32m[INFO ] 2025-05-08 19:28:46 website.go:22 åˆ›å»ºæˆåŠŸ:&{1 1 Test Website http://test.com 1 1} [0m 
[32m[INFO ] 2025-05-08 19:28:46 website.go:143 æŸ¥è¯¢æˆåŠŸ:{1 1 Test Website http://test.com 1 1} [0m 
[32m[INFO ] 2025-05-08 19:28:46 website.go:22 åˆ›å»ºæˆåŠŸ:&{1 1 Test Website1 http://test.com1 1 1} [0m 
[34m[DEBUG] 2025-05-08 19:28:46 website.go:32 æ‰¹é‡åˆ›å»ºç¬¬1æ¡æˆåŠŸ, website: Test Website1 [0m 
[32m[INFO ] 2025-05-08 19:28:46 website.go:22 åˆ›å»ºæˆåŠŸ:&{0 2 Test Website2 http://test.com2 1 1} [0m 
[34m[DEBUG] 2025-05-08 19:28:46 website.go:32 æ‰¹é‡åˆ›å»ºç¬¬2æ¡æˆåŠŸ, website: Test Website2 [0m 
[34m[DEBUG] 2025-05-08 19:28:46 website.go:179 æ‰¹é‡æŸ¥è¯¢æˆåŠŸ, æŸ¥è¯¢åˆ° 2 æ¡è®°å½• [0m 
[32m[INFO ] 2025-05-08 19:29:08 website.go:22 åˆ›å»ºæˆåŠŸ:&{1 1 Test Website http://test.com 1 1} [0m 
[32m[INFO ] 2025-05-08 19:29:08 website.go:143 æŸ¥è¯¢æˆåŠŸ:{1 1 Test Website http://test.com 1 1} [0m 
[32m[INFO ] 2025-05-08 19:29:08 website.go:22 åˆ›å»ºæˆåŠŸ:&{1 1 Test Website1 http://test.com1 1 1} [0m 
[34m[DEBUG] 2025-05-08 19:29:08 website.go:32 æ‰¹é‡åˆ›å»ºç¬¬1æ¡æˆåŠŸ, website: Test Website1 [0m 
[32m[INFO ] 2025-05-08 19:29:08 website.go:22 åˆ›å»ºæˆåŠŸ:&{0 2 Test Website2 http://test.com2 1 1} [0m 
[34m[DEBUG] 2025-05-08 19:29:08 website.go:32 æ‰¹é‡åˆ›å»ºç¬¬2æ¡æˆåŠŸ, website: Test Website2 [0m 
[34m[DEBUG] 2025-05-08 19:29:08 website.go:179 æ‰¹é‡æŸ¥è¯¢æˆåŠŸ, æŸ¥è¯¢åˆ° 2 æ¡è®°å½• [0m 
[32m[INFO ] 2025-05-08 19:29:21 website.go:22 åˆ›å»ºæˆåŠŸ:&{1 1 Test Website http://test.com 1 1} [0m 
[32m[INFO ] 2025-05-08 19:29:21 website.go:143 æŸ¥è¯¢æˆåŠŸ:{1 1 Test Website http://test.com 1 1} [0m 
[32m[INFO ] 2025-05-08 19:29:21 website.go:22 åˆ›å»ºæˆåŠŸ:&{1 1 Test Website1 http://test.com1 1 1} [0m 
[34m[DEBUG] 2025-05-08 19:29:21 website.go:32 æ‰¹é‡åˆ›å»ºç¬¬1æ¡æˆåŠŸ, website: Test Website1 [0m 
[32m[INFO ] 2025-05-08 19:29:21 website.go:22 åˆ›å»ºæˆåŠŸ:&{0 2 Test Website2 http://test.com2 1 1} [0m 
[34m[DEBUG] 2025-05-08 19:29:21 website.go:32 æ‰¹é‡åˆ›å»ºç¬¬2æ¡æˆåŠŸ, website: Test Website2 [0m 
[34m[DEBUG] 2025-05-08 19:29:21 website.go:179 æ‰¹é‡æŸ¥è¯¢æˆåŠŸ, æŸ¥è¯¢åˆ° 2 æ¡è®°å½• [0m 
[32m[INFO ] 2025-05-08 19:29:32 website.go:22 åˆ›å»ºæˆåŠŸ:&{1 1 Test Website http://test.com 1 1} [0m 
[32m[INFO ] 2025-05-08 19:29:32 website.go:143 æŸ¥è¯¢æˆåŠŸ:{1 1 Test Website http://test.com 1 1} [0m 
[32m[INFO ] 2025-05-08 19:29:32 website.go:22 åˆ›å»ºæˆåŠŸ:&{1 1 Test Website1 http://test.com1 1 1} [0m 
[34m[DEBUG] 2025-05-08 19:29:32 website.go:32 æ‰¹é‡åˆ›å»ºç¬¬1æ¡æˆåŠŸ, website: Test Website1 [0m 
[32m[INFO ] 2025-05-08 19:29:32 website.go:22 åˆ›å»ºæˆåŠŸ:&{0 2 Test Website2 http://test.com2 1 1} [0m 
[34m[DEBUG] 2025-05-08 19:29:32 website.go:32 æ‰¹é‡åˆ›å»ºç¬¬2æ¡æˆåŠŸ, website: Test Website2 [0m 
[34m[DEBUG] 2025-05-08 19:29:32 website.go:179 æ‰¹é‡æŸ¥è¯¢æˆåŠŸ, æŸ¥è¯¢åˆ° 2 æ¡è®°å½• [0m 
[32m[INFO ] 2025-05-08 19:30:13 website.go:22 åˆ›å»ºæˆåŠŸ:&{1 1 Test Website http://test.com 1 1} [0m 
[32m[INFO ] 2025-05-08 19:30:13 website.go:143 æŸ¥è¯¢æˆåŠŸ:{1 1 Test Website http://test.com 1 1} [0m 
[32m[INFO ] 2025-05-08 19:30:13 website.go:22 åˆ›å»ºæˆåŠŸ:&{1 1 Test Website1 http://test.com1 1 1} [0m 
[34m[DEBUG] 2025-05-08 19:30:13 website.go:32 æ‰¹é‡åˆ›å»ºç¬¬1æ¡æˆåŠŸ, website: Test Website1 [0m 
[32m[INFO ] 2025-05-08 19:30:13 website.go:22 åˆ›å»ºæˆåŠŸ:&{0 2 Test Website2 http://test.com2 1 1} [0m 
[34m[DEBUG] 2025-05-08 19:30:13 website.go:32 æ‰¹é‡åˆ›å»ºç¬¬2æ¡æˆåŠŸ, website: Test Website2 [0m 
[34m[DEBUG] 2025-05-08 19:30:13 website.go:179 æ‰¹é‡æŸ¥è¯¢æˆåŠŸ, æŸ¥è¯¢åˆ° 2 æ¡è®°å½• [0m 
[32m[INFO ] 2025-05-08 19:30:54 website.go:22 åˆ›å»ºæˆåŠŸ:&{1 1 Test Website http://test.com 1 1} [0m 
[32m[INFO ] 2025-05-08 19:30:54 website.go:143 æŸ¥è¯¢æˆåŠŸ:{1 1 Test Website http://test.com 1 1} [0m 
[32m[INFO ] 2025-05-08 19:30:54 website.go:22 åˆ›å»ºæˆåŠŸ:&{1 1 Test Website1 http://test.com1 1 1} [0m 
[34m[DEBUG] 2025-05-08 19:30:54 website.go:32 æ‰¹é‡åˆ›å»ºç¬¬1æ¡æˆåŠŸ, website: Test Website1 [0m 
[32m[INFO ] 2025-05-08 19:30:54 website.go:22 åˆ›å»ºæˆåŠŸ:&{0 2 Test Website2 http://test.com2 1 1} [0m 
[34m[DEBUG] 2025-05-08 19:30:54 website.go:32 æ‰¹é‡åˆ›å»ºç¬¬2æ¡æˆåŠŸ, website: Test Website2 [0m 
[34m[DEBUG] 2025-05-08 19:30:54 website.go:179 æ‰¹é‡æŸ¥è¯¢æˆåŠŸ, æŸ¥è¯¢åˆ° 2 æ¡è®°å½• [0m 
[32m[INFO ] 2025-05-08 19:31:38 website.go:22 åˆ›å»ºæˆåŠŸ:&{1 1 Test Website http://test.com 1 1} [0m 
[32m[INFO ] 2025-05-08 19:31:38 website.go:143 æŸ¥è¯¢æˆåŠŸ:{1 1 Test Website http://test.com 1 1} [0m 
[32m[INFO ] 2025-05-08 19:31:38 website.go:22 åˆ›å»ºæˆåŠŸ:&{1 1 Test Website1 http://test.com1 1 1} [0m 
[34m[DEBUG] 2025-05-08 19:31:38 website.go:32 æ‰¹é‡åˆ›å»ºç¬¬1æ¡æˆåŠŸ, website: Test Website1 [0m 
[32m[INFO ] 2025-05-08 19:31:38 website.go:22 åˆ›å»ºæˆåŠŸ:&{0 2 Test Website2 http://test.com2 1 1} [0m 
[34m[DEBUG] 2025-05-08 19:31:38 website.go:32 æ‰¹é‡åˆ›å»ºç¬¬2æ¡æˆåŠŸ, website: Test Website2 [0m 
[34m[DEBUG] 2025-05-08 19:31:38 website.go:179 æ‰¹é‡æŸ¥è¯¢æˆåŠŸ, æŸ¥è¯¢åˆ° 2 æ¡è®°å½• [0m 
[32m[INFO ] 2025-05-08 19:32:04 website.go:22 åˆ›å»ºæˆåŠŸ:&{1 1 Test Website http://test.com 1 1} [0m 
[32m[INFO ] 2025-05-08 19:32:04 website.go:143 æŸ¥è¯¢æˆåŠŸ:{1 1 Test Website http://test.com 1 1} [0m 
[32m[INFO ] 2025-05-08 19:32:04 website.go:22 åˆ›å»ºæˆåŠŸ:&{1 1 Test Website1 http://test.com1 1 1} [0m 
[34m[DEBUG] 2025-05-08 19:32:04 website.go:32 æ‰¹é‡åˆ›å»ºç¬¬1æ¡æˆåŠŸ, website: Test Website1 [0m 
[32m[INFO ] 2025-05-08 19:32:04 website.go:22 åˆ›å»ºæˆåŠŸ:&{0 2 Test Website2 http://test.com2 1 1} [0m 
[34m[DEBUG] 2025-05-08 19:32:04 website.go:32 æ‰¹é‡åˆ›å»ºç¬¬2æ¡æˆåŠŸ, website: Test Website2 [0m 
[34m[DEBUG] 2025-05-08 19:32:04 website.go:179 æ‰¹é‡æŸ¥è¯¢æˆåŠŸ, æŸ¥è¯¢åˆ° 2 æ¡è®°å½• [0m 
[32m[INFO ] 2025-05-08 19:34:10 website.go:22 åˆ›å»ºæˆåŠŸ:&{1 1 Test Website http://test.com 1 1} [0m 
[32m[INFO ] 2025-05-08 19:34:10 website.go:143 æŸ¥è¯¢æˆåŠŸ:{1 1 Test Website http://test.com 1 1} [0m 
[32m[INFO ] 2025-05-08 19:34:10 website.go:22 åˆ›å»ºæˆåŠŸ:&{1 1 Test Website1 http://test.com1 1 1} [0m 
[34m[DEBUG] 2025-05-08 19:34:10 website.go:32 æ‰¹é‡åˆ›å»ºç¬¬1æ¡æˆåŠŸ, website: Test Website1 [0m 
[32m[INFO ] 2025-05-08 19:34:10 website.go:22 åˆ›å»ºæˆåŠŸ:&{0 2 Test Website2 http://test.com2 1 1} [0m 
[34m[DEBUG] 2025-05-08 19:34:10 website.go:32 æ‰¹é‡åˆ›å»ºç¬¬2æ¡æˆåŠŸ, website: Test Website2 [0m 
[34m[DEBUG] 2025-05-08 19:34:10 website.go:179 æ‰¹é‡æŸ¥è¯¢æˆåŠŸ, æŸ¥è¯¢åˆ° 2 æ¡è®°å½• [0m 
[32m[INFO ] 2025-05-08 19:35:02 website.go:22 åˆ›å»ºæˆåŠŸ:&{1 1 Test Website http://test.com 1 1} [0m 
[32m[INFO ] 2025-05-08 19:35:02 website.go:143 æŸ¥è¯¢æˆåŠŸ:{1 1 Test Website http://test.com 1 1} [0m 
[32m[INFO ] 2025-05-08 19:35:02 website.go:22 åˆ›å»ºæˆåŠŸ:&{1 1 Test Website1 http://test.com1 1 1} [0m 
[34m[DEBUG] 2025-05-08 19:35:02 website.go:32 æ‰¹é‡åˆ›å»ºç¬¬1æ¡æˆåŠŸ, website: Test Website1 [0m 
[32m[INFO ] 2025-05-08 19:35:02 website.go:22 åˆ›å»ºæˆåŠŸ:&{0 2 Test Website2 http://test.com2 1 1} [0m 
[34m[DEBUG] 2025-05-08 19:35:02 website.go:32 æ‰¹é‡åˆ›å»ºç¬¬2æ¡æˆåŠŸ, website: Test Website2 [0m 
[34m[DEBUG] 2025-05-08 19:35:02 website.go:179 æ‰¹é‡æŸ¥è¯¢æˆåŠŸ, æŸ¥è¯¢åˆ° 2 æ¡è®°å½• [0m 
[32m[INFO ] 2025-05-08 19:35:20 website.go:22 åˆ›å»ºæˆåŠŸ:&{1 1 Test Website http://test.com 1 1} [0m 
[32m[INFO ] 2025-05-08 19:35:20 website.go:143 æŸ¥è¯¢æˆåŠŸ:{1 1 Test Website http://test.com 1 1} [0m 
[32m[INFO ] 2025-05-08 19:35:20 website.go:22 åˆ›å»ºæˆåŠŸ:&{1 1 Test Website1 http://test.com1 1 1} [0m 
[34m[DEBUG] 2025-05-08 19:35:20 website.go:32 æ‰¹é‡åˆ›å»ºç¬¬1æ¡æˆåŠŸ, website: Test Website1 [0m 
[32m[INFO ] 2025-05-08 19:35:20 website.go:22 åˆ›å»ºæˆåŠŸ:&{0 2 Test Website2 http://test.com2 1 1} [0m 
[34m[DEBUG] 2025-05-08 19:35:20 website.go:32 æ‰¹é‡åˆ›å»ºç¬¬2æ¡æˆåŠŸ, website: Test Website2 [0m 
[34m[DEBUG] 2025-05-08 19:35:20 website.go:179 æ‰¹é‡æŸ¥è¯¢æˆåŠŸ, æŸ¥è¯¢åˆ° 2 æ¡è®°å½• [0m 
[32m[INFO ] 2025-05-08 19:53:38 website.go:22 åˆ›å»ºæˆåŠŸ:&{1 1 Test Website http://test.com 0 0} [0m 
[32m[INFO ] 2025-05-08 19:53:38 website.go:165 æŸ¥è¯¢æˆåŠŸ:{1 1 Test Website http://test.com 1 1} [0m 
[32m[INFO ] 2025-05-08 19:53:38 website.go:22 åˆ›å»ºæˆåŠŸ:&{1 1 Test Website1 http://test.com1 1 1} [0m 
[34m[DEBUG] 2025-05-08 19:53:38 website.go:32 æ‰¹é‡åˆ›å»ºç¬¬1æ¡æˆåŠŸ, website: Test Website1 [0m 
[32m[INFO ] 2025-05-08 19:53:38 website.go:22 åˆ›å»ºæˆåŠŸ:&{0 2 Test Website2 http://test.com2 1 1} [0m 
[34m[DEBUG] 2025-05-08 19:53:38 website.go:32 æ‰¹é‡åˆ›å»ºç¬¬2æ¡æˆåŠŸ, website: Test Website2 [0m 
[34m[DEBUG] 2025-05-08 19:53:38 website.go:201 æ‰¹é‡æŸ¥è¯¢æˆåŠŸ, æŸ¥è¯¢åˆ° 2 æ¡è®°å½• [0m 
[32m[INFO ] 2025-05-08 19:53:38 website.go:22 åˆ›å»ºæˆåŠŸ:&{1 1 Test Website for Delete http://delete.com 1 1} [0m 
[32m[INFO ] 2025-05-08 19:53:38 website.go:46 åˆ é™¤æˆåŠŸ:1 [0m 
[32m[INFO ] 2025-05-08 19:55:36 website.go:22 åˆ›å»ºæˆåŠŸ:&{138 1 Test Website http://add.com 1 1} [0m 
[32m[INFO ] 2025-05-08 19:55:36 website.go:165 æŸ¥è¯¢æˆåŠŸ:{138 1 Test Website http://add.com 1 1} [0m 
[32m[INFO ] 2025-05-08 19:55:36 website.go:22 åˆ›å»ºæˆåŠŸ:&{138 1 Test Website1 http://test.com1 1 1} [0m 
[34m[DEBUG] 2025-05-08 19:55:36 website.go:32 æ‰¹é‡åˆ›å»ºç¬¬1æ¡æˆåŠŸ, website: Test Website1 [0m 
[32m[INFO ] 2025-05-08 19:55:36 website.go:22 åˆ›å»ºæˆåŠŸ:&{0 2 Test Website2 http://test.com2 1 1} [0m 
[34m[DEBUG] 2025-05-08 19:55:36 website.go:32 æ‰¹é‡åˆ›å»ºç¬¬2æ¡æˆåŠŸ, website: Test Website2 [0m 
[34m[DEBUG] 2025-05-08 19:55:36 website.go:201 æ‰¹é‡æŸ¥è¯¢æˆåŠŸ, æŸ¥è¯¢åˆ° 2 æ¡è®°å½• [0m 
[32m[INFO ] 2025-05-08 19:55:36 website.go:22 åˆ›å»ºæˆåŠŸ:&{1 1 Test Website for Delete http://delete.com 1 1} [0m 
[32m[INFO ] 2025-05-08 19:55:36 website.go:46 åˆ é™¤æˆåŠŸ:1 [0m 
[32m[INFO ] 2025-05-08 19:56:16 website.go:22 åˆ›å»ºæˆåŠŸ:&{138 1 Test Website http://add.com 0 0} [0m 
[32m[INFO ] 2025-05-08 19:56:16 website.go:165 æŸ¥è¯¢æˆåŠŸ:{138 1 Test Website http://add.com 1 1} [0m 
[32m[INFO ] 2025-05-08 19:56:16 website.go:22 åˆ›å»ºæˆåŠŸ:&{138 1 Test Website1 http://test.com1 1 1} [0m 
[34m[DEBUG] 2025-05-08 19:56:16 website.go:32 æ‰¹é‡åˆ›å»ºç¬¬1æ¡æˆåŠŸ, website: Test Website1 [0m 
[32m[INFO ] 2025-05-08 19:56:16 website.go:22 åˆ›å»ºæˆåŠŸ:&{0 2 Test Website2 http://test.com2 1 1} [0m 
[34m[DEBUG] 2025-05-08 19:56:16 website.go:32 æ‰¹é‡åˆ›å»ºç¬¬2æ¡æˆåŠŸ, website: Test Website2 [0m 
[34m[DEBUG] 2025-05-08 19:56:16 website.go:201 æ‰¹é‡æŸ¥è¯¢æˆåŠŸ, æŸ¥è¯¢åˆ° 2 æ¡è®°å½• [0m 
[32m[INFO ] 2025-05-08 19:56:16 website.go:22 åˆ›å»ºæˆåŠŸ:&{1 1 Test Website for Delete http://delete.com 1 1} [0m 
[32m[INFO ] 2025-05-08 19:56:16 website.go:46 åˆ é™¤æˆåŠŸ:1 [0m 
[32m[INFO ] 2025-05-08 19:56:23 website.go:22 åˆ›å»ºæˆåŠŸ:&{138 1 Test Website http://add.com 0 0} [0m 
[32m[INFO ] 2025-05-08 19:56:23 website.go:165 æŸ¥è¯¢æˆåŠŸ:{138 1 Test Website http://add.com 1 1} [0m 
[32m[INFO ] 2025-05-08 19:56:23 website.go:22 åˆ›å»ºæˆåŠŸ:&{138 1 Test Website1 http://test.com1 1 1} [0m 
[34m[DEBUG] 2025-05-08 19:56:23 website.go:32 æ‰¹é‡åˆ›å»ºç¬¬1æ¡æˆåŠŸ, website: Test Website1 [0m 
[32m[INFO ] 2025-05-08 19:56:23 website.go:22 åˆ›å»ºæˆåŠŸ:&{0 2 Test Website2 http://test.com2 1 1} [0m 
[34m[DEBUG] 2025-05-08 19:56:23 website.go:32 æ‰¹é‡åˆ›å»ºç¬¬2æ¡æˆåŠŸ, website: Test Website2 [0m 
[34m[DEBUG] 2025-05-08 19:56:23 website.go:201 æ‰¹é‡æŸ¥è¯¢æˆåŠŸ, æŸ¥è¯¢åˆ° 2 æ¡è®°å½• [0m 
[32m[INFO ] 2025-05-08 19:56:23 website.go:22 åˆ›å»ºæˆåŠŸ:&{1 1 Test Website for Delete http://delete.com 1 1} [0m 
[32m[INFO ] 2025-05-08 19:56:23 website.go:46 åˆ é™¤æˆåŠŸ:1 [0m 
[32m[INFO ] 2025-05-08 19:59:06 website.go:22 åˆ›å»ºæˆåŠŸ:&{138 1 Test Website http://add.com 0 0} [0m 
[32m[INFO ] 2025-05-08 19:59:06 website.go:165 æŸ¥è¯¢æˆåŠŸ:{138 1 Test Website http://add.com 1 1} [0m 
